<?xml version="1.0" encoding="UTF-8"?>
<!-- Generated by org.testng.reporters.JUnitReportReporter -->
<testsuite hostname="5TS206424426L7" name="com.nbcuni.test.nbcidx.member.delete.brands.TC5078_MemberDelete_Brand_INTERNALb7b4" tests="1" failures="0" timestamp="23 Sep 2014 20:58:03 GMT" time="4.249" errors="0">
  <testcase name="memberDelete_INTERNALb7b4" time="4.249" classname="com.nbcuni.test.nbcidx.member.delete.brands.TC5078_MemberDelete_Brand_INTERNALb7b4"/>
</testsuite> <!-- com.nbcuni.test.nbcidx.member.delete.brands.TC5078_MemberDelete_Brand_INTERNALb7b4 -->
