<?xml version="1.0" encoding="UTF-8"?>
<!-- Generated by org.testng.reporters.JUnitReportReporter -->
<testsuite hostname="5TS206424426L7" name="com.nbcuni.test.nbcidx.member.delete.brands.TC5072_MemberDelete_ValidData" tests="1" failures="0" timestamp="26 Sep 2014 20:34:11 GMT" time="7.092" errors="0">
  <testcase name="memberDelete_ValidData" time="7.092" classname="com.nbcuni.test.nbcidx.member.delete.brands.TC5072_MemberDelete_ValidData"/>
</testsuite> <!-- com.nbcuni.test.nbcidx.member.delete.brands.TC5072_MemberDelete_ValidData -->
