<?xml version="1.0" encoding="UTF-8"?>
<!-- Generated by org.testng.reporters.JUnitReportReporter -->
<testsuite hostname="5TS206424426L7" name="com.nbcuni.test.nbcidx.member.delete.errorcodes.TC5079_MemberDelete_Error_400" tests="1" failures="0" timestamp="23 Sep 2014 20:58:03 GMT" time="4.866" errors="0">
  <testcase name="memberDelete_error400" time="4.866" classname="com.nbcuni.test.nbcidx.member.delete.errorcodes.TC5079_MemberDelete_Error_400"/>
</testsuite> <!-- com.nbcuni.test.nbcidx.member.delete.errorcodes.TC5079_MemberDelete_Error_400 -->
