<?xml version="1.0" encoding="UTF-8"?>
<!-- Generated by org.testng.reporters.JUnitReportReporter -->
<testsuite hostname="5TS206424426L7" name="com.nbcuni.test.nbcidx.member.remove.errorcodes.TC4933_MemberRemove_Error_401" tests="1" failures="0" timestamp="26 Sep 2014 20:34:11 GMT" time="2.173" errors="0">
  <testcase name="memberRemove_error401" time="2.173" classname="com.nbcuni.test.nbcidx.member.remove.errorcodes.TC4933_MemberRemove_Error_401"/>
</testsuite> <!-- com.nbcuni.test.nbcidx.member.remove.errorcodes.TC4933_MemberRemove_Error_401 -->
