<?xml version="1.0" encoding="UTF-8"?>
<!-- Generated by org.testng.reporters.JUnitReportReporter -->
<testsuite hostname="5TS206424426L7" name="com.nbcuni.test.nbcidx.member.link_noverify.validData.TC5340_MemberLinkNoVerify_email" tests="1" failures="0" timestamp="26 Sep 2014 20:34:11 GMT" time="1.638" errors="0">
  <testcase name="memberLinkNoVerify_email" time="1.638" classname="com.nbcuni.test.nbcidx.member.link_noverify.validData.TC5340_MemberLinkNoVerify_email"/>
</testsuite> <!-- com.nbcuni.test.nbcidx.member.link_noverify.validData.TC5340_MemberLinkNoVerify_email -->
