<?xml version="1.0" encoding="UTF-8"?>
<!-- Generated by org.testng.reporters.JUnitReportReporter -->
<testsuite hostname="5TS206424426L7" name="com.nbcuni.test.nbcidx.member.put.inputFields.TC5019_MemberPut_Lastname" tests="1" failures="0" timestamp="18 Sep 2014 17:48:47 GMT" time="3.713" errors="0">
  <testcase name="memberPut_lastname" time="3.713" classname="com.nbcuni.test.nbcidx.member.put.inputFields.TC5019_MemberPut_Lastname"/>
</testsuite> <!-- com.nbcuni.test.nbcidx.member.put.inputFields.TC5019_MemberPut_Lastname -->
