<?xml version="1.0" encoding="UTF-8"?>
<!-- Generated by org.testng.reporters.JUnitReportReporter -->
<testsuite hostname="5TS206424426L7" name="com.nbcuni.test.nbcidx.member.login.hmac.TC04_Generate_HMAC" tests="1" failures="0" timestamp="18 Sep 2014 17:48:48 GMT" time="0.002" errors="0">
  <testcase name="generateHMAC" time="0.002" classname="com.nbcuni.test.nbcidx.member.login.hmac.TC04_Generate_HMAC"/>
</testsuite> <!-- com.nbcuni.test.nbcidx.member.login.hmac.TC04_Generate_HMAC -->
