<?xml version="1.0" encoding="UTF-8"?>
<!-- Generated by org.testng.reporters.JUnitReportReporter -->
<testsuite hostname="5TS206424426L7" name="com.nbcuni.test.nbcidx.sanityWorkflow.SC03_TC01_MemberGet_API_Verification" tests="1" failures="0" timestamp="18 Sep 2014 15:03:34 GMT" time="1.769" errors="0">
  <testcase name="memberGet_verifyAPI" time="1.769" classname="com.nbcuni.test.nbcidx.sanityWorkflow.SC03_TC01_MemberGet_API_Verification"/>
</testsuite> <!-- com.nbcuni.test.nbcidx.sanityWorkflow.SC03_TC01_MemberGet_API_Verification -->
