<?xml version="1.0" encoding="UTF-8"?>
<!-- Generated by org.testng.reporters.JUnitReportReporter -->
<testsuite hostname="5TS206424426L7" name="com.nbcuni.test.nbcidx.member.delete.errorcodes.TC5081_MemberDelete_Error_403" tests="1" failures="0" timestamp="23 Sep 2014 20:58:03 GMT" time="1.417" errors="0">
  <testcase name="memberDelete_error403" time="1.417" classname="com.nbcuni.test.nbcidx.member.delete.errorcodes.TC5081_MemberDelete_Error_403"/>
</testsuite> <!-- com.nbcuni.test.nbcidx.member.delete.errorcodes.TC5081_MemberDelete_Error_403 -->
