<?xml version="1.0" encoding="UTF-8"?>
<!-- Generated by org.testng.reporters.JUnitReportReporter -->
<testsuite hostname="5TS206424426L7" name="com.nbcuni.test.nbcidx.member.put.inputFields.TC5020_MemberPut_Screenname" tests="1" failures="0" timestamp="18 Sep 2014 17:48:47 GMT" time="2.910" errors="0">
  <testcase name="memberPut_screenname" time="2.910" classname="com.nbcuni.test.nbcidx.member.put.inputFields.TC5020_MemberPut_Screenname"/>
</testsuite> <!-- com.nbcuni.test.nbcidx.member.put.inputFields.TC5020_MemberPut_Screenname -->
