<?xml version="1.0" encoding="UTF-8"?>
<!-- Generated by org.testng.reporters.JUnitReportReporter -->
<testsuite hostname="5TS206424426L7" name="com.nbcuni.test.nbcidx.member.get.socialMedia.TC5245_MemberGet_Provider_Google" tests="1" failures="0" timestamp="23 Sep 2014 20:58:03 GMT" time="3.056" errors="0">
  <testcase name="memberGet_providerGoogle" time="3.056" classname="com.nbcuni.test.nbcidx.member.get.socialMedia.TC5245_MemberGet_Provider_Google"/>
</testsuite> <!-- com.nbcuni.test.nbcidx.member.get.socialMedia.TC5245_MemberGet_Provider_Google -->
