<?xml version="1.0" encoding="UTF-8"?>
<!-- Generated by org.testng.reporters.JUnitReportReporter -->
<testsuite hostname="5TS206424426L7" name="com.nbcuni.test.nbcidx.member.put.errorcodes.TC5042_MemberPut_Error_400_Address" tests="1" failures="0" timestamp="23 Sep 2014 20:58:03 GMT" time="9.385" errors="0">
  <testcase name="memberPut_error400_address" time="9.385" classname="com.nbcuni.test.nbcidx.member.put.errorcodes.TC5042_MemberPut_Error_400_Address"/>
</testsuite> <!-- com.nbcuni.test.nbcidx.member.put.errorcodes.TC5042_MemberPut_Error_400_Address -->
