<?xml version="1.0" encoding="UTF-8"?>
<!-- Generated by org.testng.reporters.JUnitReportReporter -->
<testsuite hostname="5TS206424426L7" name="com.nbcuni.test.nbcidx.member.get.errorcodes.TC05_MemberGet_Error_404" tests="1" failures="0" timestamp="18 Sep 2014 17:48:47 GMT" time="0.850" errors="0">
  <testcase name="memberGet_error404" time="0.850" classname="com.nbcuni.test.nbcidx.member.get.errorcodes.TC05_MemberGet_Error_404"/>
</testsuite> <!-- com.nbcuni.test.nbcidx.member.get.errorcodes.TC05_MemberGet_Error_404 -->
