<?xml version="1.0" encoding="UTF-8"?>
<!-- Generated by org.testng.reporters.JUnitReportReporter -->
<testsuite hostname="5TS206424426L7" name="com.nbcuni.test.nbcidx.member.put.errorcodes.TC5045_MemberPut_Error_400_AllBrands" tests="1" failures="0" timestamp="26 Sep 2014 20:34:11 GMT" time="1.444" errors="0">
  <testcase name="memberPut_error400_allBrands" time="1.444" classname="com.nbcuni.test.nbcidx.member.put.errorcodes.TC5045_MemberPut_Error_400_AllBrands"/>
</testsuite> <!-- com.nbcuni.test.nbcidx.member.put.errorcodes.TC5045_MemberPut_Error_400_AllBrands -->
