<?xml version="1.0" encoding="UTF-8"?>
<!-- Generated by org.testng.reporters.JUnitReportReporter -->
<testsuite hostname="5TS206424426L7" name="US9418_member.link_HMAC.TC4466_MemberLink_HMAC_Errors" tests="1" failures="0" timestamp="25 Sep 2014 22:20:31 GMT" time="12.711" errors="0">
  <testcase name="TC4465" time="12.711" classname="US9418_member.link_HMAC.TC4466_MemberLink_HMAC_Errors"/>
</testsuite> <!-- US9418_member.link_HMAC.TC4466_MemberLink_HMAC_Errors -->
