<?xml version="1.0" encoding="UTF-8"?>
<!-- Generated by org.testng.reporters.JUnitReportReporter -->
<testsuite hostname="5TS206424426L7" name="com.nbcuni.test.nbcidx.member.put.brands.TC4574_MemberPut_Brand_INTERNALb7b4" tests="1" failures="0" timestamp="26 Sep 2014 20:34:10 GMT" time="5.696" errors="0">
  <testcase name="memberPut_INTERNALb7b4" time="5.696" classname="com.nbcuni.test.nbcidx.member.put.brands.TC4574_MemberPut_Brand_INTERNALb7b4"/>
</testsuite> <!-- com.nbcuni.test.nbcidx.member.put.brands.TC4574_MemberPut_Brand_INTERNALb7b4 -->
