<?xml version="1.0" encoding="UTF-8"?>
<!-- Generated by org.testng.reporters.JUnitReportReporter -->
<testsuite hostname="5TS206424426L7" name="com.nbcuni.test.nbcidx.member.put.errorcodes.TC5049_MemberPut_Error_409" tests="1" failures="0" timestamp="26 Sep 2014 20:34:11 GMT" time="4.318" errors="1">
  <testcase name="memberPut_error409" time="4.318" classname="com.nbcuni.test.nbcidx.member.put.errorcodes.TC5049_MemberPut_Error_409">
    <error type="java.lang.AssertionError" message="Failed : HTTP code : 200">
      <![CDATA[java.lang.AssertionError: Failed : HTTP code : 200
	at org.testng.AssertJUnit.fail(AssertJUnit.java:59)
	at com.nbcuni.test.nbcidx.member.put.errorcodes.TC5049_MemberPut_Error_409.memberPut_error409(TC5049_MemberPut_Error_409.java:93)
	at sun.reflect.NativeMethodAccessorImpl.invoke0(Native Method)
	at sun.reflect.NativeMethodAccessorImpl.invoke(Unknown Source)
	at sun.reflect.DelegatingMethodAccessorImpl.invoke(Unknown Source)
	at java.lang.reflect.Method.invoke(Unknown Source)
	at org.testng.internal.MethodInvocationHelper.invokeMethod(MethodInvocationHelper.java:84)
	at org.testng.internal.Invoker.invokeMethod(Invoker.java:714)
	at org.testng.internal.Invoker.invokeTestMethod(Invoker.java:901)
	at org.testng.internal.Invoker.invokeTestMethods(Invoker.java:1231)
	at org.testng.internal.TestMethodWorker.invokeTestMethods(TestMethodWorker.java:127)
	at org.testng.internal.TestMethodWorker.run(TestMethodWorker.java:111)
	at java.util.concurrent.ThreadPoolExecutor.runWorker(Unknown Source)
	at java.util.concurrent.ThreadPoolExecutor$Worker.run(Unknown Source)
	at java.lang.Thread.run(Unknown Source)
]]>
    </error>
  </testcase> <!-- memberPut_error409 -->
</testsuite> <!-- com.nbcuni.test.nbcidx.member.put.errorcodes.TC5049_MemberPut_Error_409 -->
