<?xml version="1.0" encoding="UTF-8"?>
<!-- Generated by org.testng.reporters.JUnitReportReporter -->
<testsuite hostname="5TS206424426L7" name="com.nbcuni.test.nbcidx.member.link_noverify.errorcodes.TC5358_MemberLinkNoVerify_Error_409" tests="1" failures="0" timestamp="26 Sep 2014 20:34:10 GMT" time="9.182" errors="0">
  <testcase name="memberLinkNoVerify_error409" time="9.182" classname="com.nbcuni.test.nbcidx.member.link_noverify.errorcodes.TC5358_MemberLinkNoVerify_Error_409"/>
</testsuite> <!-- com.nbcuni.test.nbcidx.member.link_noverify.errorcodes.TC5358_MemberLinkNoVerify_Error_409 -->
