<?xml version="1.0" encoding="UTF-8"?>
<!-- Generated by org.testng.reporters.JUnitReportReporter -->
<testsuite hostname="5TS206424426L7" name="com.nbcuni.test.nbcidx.member.delete.brands.TC5077_MemberDelete_Brand_INTERNALb92e" tests="1" failures="0" timestamp="26 Sep 2014 20:34:12 GMT" time="3.724" errors="0">
  <testcase name="memberDelete_INTERNALb92e" time="3.724" classname="com.nbcuni.test.nbcidx.member.delete.brands.TC5077_MemberDelete_Brand_INTERNALb92e"/>
</testsuite> <!-- com.nbcuni.test.nbcidx.member.delete.brands.TC5077_MemberDelete_Brand_INTERNALb92e -->
