<?xml version="1.0" encoding="UTF-8"?>
<!-- Generated by org.testng.reporters.JUnitReportReporter -->
<testsuite hostname="5TS206424426L7" name="com.nbcuni.test.nbcidx.member.put.errorcodes.TC17_MemberPut_Error_400_BrandData" tests="1" failures="0" timestamp="5 Sep 2014 20:59:37 GMT" time="2.200" errors="0">
  <testcase name="memberPut_error400_brandData" time="2.200" classname="com.nbcuni.test.nbcidx.member.put.errorcodes.TC17_MemberPut_Error_400_BrandData"/>
</testsuite> <!-- com.nbcuni.test.nbcidx.member.put.errorcodes.TC17_MemberPut_Error_400_BrandData -->
