<?xml version="1.0" encoding="UTF-8"?>
<!-- Generated by org.testng.reporters.JUnitReportReporter -->
<testsuite hostname="5TS206424426L7" name="com.nbcuni.test.nbcidx.member.put.inputFields.TC5009_MemberPut_Username" tests="1" failures="0" timestamp="23 Sep 2014 20:58:03 GMT" time="5.012" errors="0">
  <testcase name="memberPut_username" time="5.012" classname="com.nbcuni.test.nbcidx.member.put.inputFields.TC5009_MemberPut_Username"/>
</testsuite> <!-- com.nbcuni.test.nbcidx.member.put.inputFields.TC5009_MemberPut_Username -->
