<?xml version="1.0" encoding="UTF-8"?>
<!-- Generated by org.testng.reporters.JUnitReportReporter -->
<testsuite hostname="5TS206424426L7" name="com.nbcuni.test.nbcidx.member.get.errorcodes.TC06_MemberGet_Error_500" tests="1" failures="0" timestamp="11 Sep 2014 16:40:21 GMT" time="1.243" errors="0">
  <testcase name="memberGet_error500" time="1.243" classname="com.nbcuni.test.nbcidx.member.get.errorcodes.TC06_MemberGet_Error_500"/>
</testsuite> <!-- com.nbcuni.test.nbcidx.member.get.errorcodes.TC06_MemberGet_Error_500 -->
