<?xml version="1.0" encoding="UTF-8"?>
<!-- Generated by org.testng.reporters.JUnitReportReporter -->
<testsuite hostname="5TS206424426L7" name="com.nbcuni.test.nbcidx.member.link_noverify.social.TC5349_MemberLinkNoVerify_Twitter" tests="1" failures="0" timestamp="26 Sep 2014 20:34:10 GMT" time="9.170" errors="0">
  <testcase name="memberLinkNoVerify_Twitter" time="9.170" classname="com.nbcuni.test.nbcidx.member.link_noverify.social.TC5349_MemberLinkNoVerify_Twitter"/>
</testsuite> <!-- com.nbcuni.test.nbcidx.member.link_noverify.social.TC5349_MemberLinkNoVerify_Twitter -->
