<?xml version="1.0" encoding="UTF-8"?>
<!-- Generated by org.testng.reporters.JUnitReportReporter -->
<testsuite hostname="5TS206424426L7" name="com.nbcuni.test.nbcidx.member.login.errorcodes.TC3373_MemberLogin_Error_500" tests="1" failures="0" timestamp="23 Sep 2014 20:58:03 GMT" time="1.687" errors="0">
  <testcase name="memberLogin_error500" time="1.687" classname="com.nbcuni.test.nbcidx.member.login.errorcodes.TC3373_MemberLogin_Error_500"/>
</testsuite> <!-- com.nbcuni.test.nbcidx.member.login.errorcodes.TC3373_MemberLogin_Error_500 -->
