<?xml version="1.0" encoding="UTF-8"?>
<!-- Generated by org.testng.reporters.JUnitReportReporter -->
<testsuite hostname="5TS206424426L7" name="com.nbcuni.test.nbcidx.member.link_noverify.brands.TC5347_MemberLinkNoVerify_Brand_INTERNALb7b4" tests="1" failures="0" timestamp="26 Sep 2014 20:34:11 GMT" time="8.889" errors="0">
  <testcase name="memberLinkNoVerify_INTERNALb7b4" time="8.889" classname="com.nbcuni.test.nbcidx.member.link_noverify.brands.TC5347_MemberLinkNoVerify_Brand_INTERNALb7b4"/>
</testsuite> <!-- com.nbcuni.test.nbcidx.member.link_noverify.brands.TC5347_MemberLinkNoVerify_Brand_INTERNALb7b4 -->
