<?xml version="1.0" encoding="UTF-8"?>
<!-- Generated by org.testng.reporters.JUnitReportReporter -->
<<<<<<< HEAD
<testsuite hostname="5TS206424426L7" name="com.nbcuni.test.nbcidx.sanity.SC01_Create_RandomMemberInfo" tests="1" failures="0" timestamp="4 Sep 2014 17:27:37 GMT" time="0.051" errors="0">
  <testcase name="createRandomMember" time="0.051" classname="com.nbcuni.test.nbcidx.sanity.SC01_Create_RandomMemberInfo"/>
=======
<testsuite hostname="5TS206424426L7" name="com.nbcuni.test.nbcidx.sanity.SC01_Create_RandomMemberInfo" tests="1" failures="0" timestamp="29 Jul 2014 16:25:44 GMT" time="0.056" errors="0">
  <testcase name="createRandomMember" time="0.056" classname="com.nbcuni.test.nbcidx.sanity.SC01_Create_RandomMemberInfo"/>
>>>>>>> e0bfe6667037b0acc975a71a05df166a022bb383
</testsuite> <!-- com.nbcuni.test.nbcidx.sanity.SC01_Create_RandomMemberInfo -->
