<?xml version="1.0" encoding="UTF-8"?>
<!-- Generated by org.testng.reporters.JUnitReportReporter -->
<testsuite hostname="5TS206424426L7" name="com.nbcuni.test.nbcidx.member.get.views.TC07_Remove_Member" tests="1" failures="0" timestamp="11 Sep 2014 16:40:21 GMT" time="6.429" errors="0">
  <testcase name="memberRemove" time="6.429" classname="com.nbcuni.test.nbcidx.member.get.views.TC07_Remove_Member"/>
</testsuite> <!-- com.nbcuni.test.nbcidx.member.get.views.TC07_Remove_Member -->
