<?xml version="1.0" encoding="UTF-8"?>
<!-- Generated by org.testng.reporters.JUnitReportReporter -->
<testsuite hostname="5TS206424426L7" name="US9329_member.login_HMAC.TC04_Generate_HMAC" tests="1" failures="0" timestamp="16 Sep 2014 20:31:07 GMT" time="0.009" errors="0">
  <testcase name="generateHMAC" time="0.009" classname="US9329_member.login_HMAC.TC04_Generate_HMAC"/>
</testsuite> <!-- US9329_member.login_HMAC.TC04_Generate_HMAC -->
