<?xml version="1.0" encoding="UTF-8"?>
<!-- Generated by org.testng.reporters.JUnitReportReporter -->
<testsuite hostname="5TS206424426L7" name="com.nbcuni.test.nbcidx.member.remove.errorcodes.TC4933_MemberRemove_Error_401" tests="1" failures="0" timestamp="18 Sep 2014 17:48:48 GMT" time="1.285" errors="0">
  <testcase name="memberRemove_error401" time="1.285" classname="com.nbcuni.test.nbcidx.member.remove.errorcodes.TC4933_MemberRemove_Error_401"/>
</testsuite> <!-- com.nbcuni.test.nbcidx.member.remove.errorcodes.TC4933_MemberRemove_Error_401 -->
