<?xml version="1.0" encoding="UTF-8"?>
<!-- Generated by org.testng.reporters.JUnitReportReporter -->
<testsuite hostname="5TS206424426L7" name="com.nbcuni.test.nbcidx.sanity.SC05_TC01_MemberLogout_API_Verification" tests="1" failures="0" timestamp="29 Jul 2014 16:25:44 GMT" time="2.720" errors="0">
  <testcase name="memberLogout_verifyAPI" time="2.720" classname="com.nbcuni.test.nbcidx.sanity.SC05_TC01_MemberLogout_API_Verification"/>
</testsuite> <!-- com.nbcuni.test.nbcidx.sanity.SC05_TC01_MemberLogout_API_Verification -->
