<?xml version="1.0" encoding="UTF-8"?>
<!-- Generated by org.testng.reporters.JUnitReportReporter -->
<testsuite hostname="5TS206424426L7" name="com.nbcuni.test.nbcidx.member.put.errorcodes.TC5044_MemberPut_Error_400_BrandData" tests="1" failures="0" timestamp="23 Sep 2014 20:58:03 GMT" time="2.931" errors="0">
  <testcase name="memberPut_error400_brandData" time="2.931" classname="com.nbcuni.test.nbcidx.member.put.errorcodes.TC5044_MemberPut_Error_400_BrandData"/>
</testsuite> <!-- com.nbcuni.test.nbcidx.member.put.errorcodes.TC5044_MemberPut_Error_400_BrandData -->
