<?xml version="1.0" encoding="UTF-8"?>
<!-- Generated by org.testng.reporters.JUnitReportReporter -->
<testsuite hostname="5TS206424426L7" name="com.nbcuni.test.nbcidx.member.remove.brands.TC4569_MemberPut_Brand_SurfExampleSite" tests="1" failures="0" timestamp="4 Sep 2014 16:17:16 GMT" time="22.019" errors="0">
  <testcase name="memberPut_SurfExampleSite" time="22.019" classname="com.nbcuni.test.nbcidx.member.remove.brands.TC4569_MemberPut_Brand_SurfExampleSite"/>
</testsuite> <!-- com.nbcuni.test.nbcidx.member.remove.brands.TC4569_MemberPut_Brand_SurfExampleSite -->
