<?xml version="1.0" encoding="UTF-8"?>
<!-- Generated by org.testng.reporters.JUnitReportReporter -->
<testsuite hostname="5TS206424426L7" name="com.nbcuni.test.nbcidx.member.link.TC16_Member_Unlink_GooglePlus" tests="1" failures="0" timestamp="3 Sep 2014 21:08:45 GMT" time="0.968" errors="0">
  <testcase name="member_Link_GooglePlus" time="0.968" classname="com.nbcuni.test.nbcidx.member.link.TC16_Member_Unlink_GooglePlus"/>
</testsuite> <!-- com.nbcuni.test.nbcidx.member.link.TC16_Member_Unlink_GooglePlus -->
