<?xml version="1.0" encoding="UTF-8"?>
<!-- Generated by org.testng.reporters.JUnitReportReporter -->
<testsuite hostname="5TS206424426L7" name="com.nbcuni.test.nbcidx.member.delete.brands.TC5073_MemberDelete_Brand_SurfExampleSite" tests="1" failures="0" timestamp="23 Sep 2014 20:58:03 GMT" time="6.108" errors="0">
  <testcase name="memberDelete_SurfExampleSite" time="6.108" classname="com.nbcuni.test.nbcidx.member.delete.brands.TC5073_MemberDelete_Brand_SurfExampleSite"/>
</testsuite> <!-- com.nbcuni.test.nbcidx.member.delete.brands.TC5073_MemberDelete_Brand_SurfExampleSite -->
