<?xml version="1.0" encoding="UTF-8"?>
<!-- Generated by org.testng.reporters.JUnitReportReporter -->
<testsuite hostname="5TS206424426L7" name="com.nbcuni.test.nbcidx.member.put.inputFields.TC5026_MemberPut_Address" tests="1" failures="0" timestamp="23 Sep 2014 20:58:03 GMT" time="7.970" errors="0">
  <testcase name="memberPut_address" time="7.970" classname="com.nbcuni.test.nbcidx.member.put.inputFields.TC5026_MemberPut_Address"/>
</testsuite> <!-- com.nbcuni.test.nbcidx.member.put.inputFields.TC5026_MemberPut_Address -->
