<?xml version="1.0" encoding="UTF-8"?>
<!-- Generated by org.testng.reporters.JUnitReportReporter -->
<testsuite hostname="5TS206424426L7" name="com.nbcuni.test.nbcidx.member.put.errorcodes.TC5037_MemberPut_Error_400_ScreenName" tests="1" failures="0" timestamp="26 Sep 2014 20:34:10 GMT" time="6.874" errors="0">
  <testcase name="memberPut_error400_screenName" time="6.874" classname="com.nbcuni.test.nbcidx.member.put.errorcodes.TC5037_MemberPut_Error_400_ScreenName"/>
</testsuite> <!-- com.nbcuni.test.nbcidx.member.put.errorcodes.TC5037_MemberPut_Error_400_ScreenName -->
