<?xml version="1.0" encoding="UTF-8"?>
<!-- Generated by org.testng.reporters.JUnitReportReporter -->
<testsuite hostname="5TS206424426L7" name="com.nbcuni.test.nbcidx.member.put.errorcodes.TC5039_MemberPut_Error_400_Phone" tests="1" failures="0" timestamp="23 Sep 2014 20:58:03 GMT" time="9.217" errors="0">
  <testcase name="memberPut_error400_phone" time="9.217" classname="com.nbcuni.test.nbcidx.member.put.errorcodes.TC5039_MemberPut_Error_400_Phone"/>
</testsuite> <!-- com.nbcuni.test.nbcidx.member.put.errorcodes.TC5039_MemberPut_Error_400_Phone -->
