<?xml version="1.0" encoding="UTF-8"?>
<!-- Generated by org.testng.reporters.JUnitReportReporter -->
<testsuite hostname="5TS206424426L7" name="com.nbcuni.test.nbcidx.member.get.socialMedia.TC04_MemberGet_Provider_Google" tests="1" failures="0" timestamp="21 Sep 2014 22:26:30 GMT" time="3.705" errors="0">
  <testcase name="memberGet_providerGoogle" time="3.705" classname="com.nbcuni.test.nbcidx.member.get.socialMedia.TC04_MemberGet_Provider_Google"/>
</testsuite> <!-- com.nbcuni.test.nbcidx.member.get.socialMedia.TC04_MemberGet_Provider_Google -->
