<?xml version="1.0" encoding="UTF-8"?>
<!-- Generated by org.testng.reporters.JUnitReportReporter -->
<testsuite hostname="5TS206424426L7" name="com.nbcuni.test.nbcidx.member.logout.TC4330_MemberLogout_DirectLogout_UUID" tests="1" failures="0" timestamp="20 Aug 2014 16:18:57 GMT" time="10.040" errors="0">
  <testcase name="memberLogout_uuid" time="10.040" classname="com.nbcuni.test.nbcidx.member.logout.TC4330_MemberLogout_DirectLogout_UUID"/>
</testsuite> <!-- com.nbcuni.test.nbcidx.member.logout.TC4330_MemberLogout_DirectLogout_UUID -->
