<?xml version="1.0" encoding="UTF-8"?>
<!-- Generated by org.testng.reporters.JUnitReportReporter -->
<testsuite hostname="5TS206424426L7" name="com.nbcuni.test.nbcidx.member.logout.direct.TC4332_MemberLogout_DirectLogout_Email" tests="1" failures="0" timestamp="26 Sep 2014 20:34:11 GMT" time="7.890" errors="0">
  <testcase name="memberLogout_email" time="7.890" classname="com.nbcuni.test.nbcidx.member.logout.direct.TC4332_MemberLogout_DirectLogout_Email"/>
</testsuite> <!-- com.nbcuni.test.nbcidx.member.logout.direct.TC4332_MemberLogout_DirectLogout_Email -->
