<?xml version="1.0" encoding="UTF-8"?>
<!-- Generated by org.testng.reporters.JUnitReportReporter -->
<testsuite hostname="5TS206424426L7" name="com.nbcuni.test.nbcidx.member.put.errorcodes.TC5032_MemberPut_Error_400_Email" tests="1" failures="0" timestamp="26 Sep 2014 20:34:08 GMT" time="7.031" errors="0">
  <testcase name="memberPut_error400_email" time="7.031" classname="com.nbcuni.test.nbcidx.member.put.errorcodes.TC5032_MemberPut_Error_400_Email"/>
</testsuite> <!-- com.nbcuni.test.nbcidx.member.put.errorcodes.TC5032_MemberPut_Error_400_Email -->
