<?xml version="1.0" encoding="UTF-8"?>
<!-- Generated by org.testng.reporters.JUnitReportReporter -->
<testsuite hostname="5TS206424426L7" name="com.nbcuni.test.nbcidx.member.get.errorcodes.TC5256_MemberGet_Error_404" tests="1" failures="0" timestamp="26 Sep 2014 20:34:11 GMT" time="0.785" errors="0">
  <testcase name="memberGet_error404" time="0.785" classname="com.nbcuni.test.nbcidx.member.get.errorcodes.TC5256_MemberGet_Error_404"/>
</testsuite> <!-- com.nbcuni.test.nbcidx.member.get.errorcodes.TC5256_MemberGet_Error_404 -->
