<?xml version="1.0" encoding="UTF-8"?>
<!-- Generated by org.testng.reporters.JUnitReportReporter -->
<testsuite hostname="5TS206424426L7" name="US10541_member.unlink_supportArbitraryProviders.TC4661_MemberUnlink_ArbitraryProviders" tests="1" failures="0" timestamp="25 Sep 2014 22:21:34 GMT" time="22.458" errors="0">
  <testcase name="TC4461" time="22.458" classname="US10541_member.unlink_supportArbitraryProviders.TC4661_MemberUnlink_ArbitraryProviders"/>
</testsuite> <!-- US10541_member.unlink_supportArbitraryProviders.TC4661_MemberUnlink_ArbitraryProviders -->
