<?xml version="1.0" encoding="UTF-8"?>
<!-- Generated by org.testng.reporters.JUnitReportReporter -->
<testsuite hostname="5TS206424426L7" name="com.nbcuni.test.nbcidx.member.put.inputFields.TC5028_MemberPut_BrandData" tests="1" failures="0" timestamp="18 Sep 2014 17:48:48 GMT" time="22.453" errors="0">
  <testcase name="memberPut_branddata" time="22.453" classname="com.nbcuni.test.nbcidx.member.put.inputFields.TC5028_MemberPut_BrandData"/>
</testsuite> <!-- com.nbcuni.test.nbcidx.member.put.inputFields.TC5028_MemberPut_BrandData -->
