<?xml version="1.0" encoding="UTF-8"?>
<!-- Generated by org.testng.reporters.JUnitReportReporter -->
<testsuite hostname="5TS206424426L7" name="com.nbcuni.test.nbcidx.member.link.errorcodes.TC4995_MemberLink_Error_403" tests="1" failures="0" timestamp="26 Sep 2014 20:34:10 GMT" time="0.894" errors="0">
  <testcase name="memberLink_error403" time="0.894" classname="com.nbcuni.test.nbcidx.member.link.errorcodes.TC4995_MemberLink_Error_403"/>
</testsuite> <!-- com.nbcuni.test.nbcidx.member.link.errorcodes.TC4995_MemberLink_Error_403 -->
