<?xml version="1.0" encoding="UTF-8"?>
<!-- Generated by org.testng.reporters.JUnitReportReporter -->
<testsuite hostname="5TS206424426L7" name="com.nbcuni.test.nbcidx.member.remove.brands.TC5273_MemberRemove_Brand_INTERNALb92e" tests="1" failures="0" timestamp="26 Sep 2014 20:34:10 GMT" time="3.503" errors="0">
  <testcase name="memberRemove_INTERNALb92e" time="3.503" classname="com.nbcuni.test.nbcidx.member.remove.brands.TC5273_MemberRemove_Brand_INTERNALb92e"/>
</testsuite> <!-- com.nbcuni.test.nbcidx.member.remove.brands.TC5273_MemberRemove_Brand_INTERNALb92e -->
