<?xml version="1.0" encoding="UTF-8"?>
<!-- Generated by org.testng.reporters.JUnitReportReporter -->
<testsuite hostname="5TS206424426L7" name="com.nbcuni.test.nbcidx.member.delete.errorcodes.TC5083_MemberDelete_Error_502" tests="1" failures="0" timestamp="26 Sep 2014 20:34:11 GMT" time="8.463" errors="0">
  <testcase name="memberDelete_error502" time="8.463" classname="com.nbcuni.test.nbcidx.member.delete.errorcodes.TC5083_MemberDelete_Error_502"/>
</testsuite> <!-- com.nbcuni.test.nbcidx.member.delete.errorcodes.TC5083_MemberDelete_Error_502 -->
