<?xml version="1.0" encoding="UTF-8"?>
<!-- Generated by org.testng.reporters.JUnitReportReporter -->
<testsuite hostname="5TS206424426L7" name="com.nbcuni.test.nbcidx.member.link.social.TC20_Remove_Member" tests="1" failures="0" timestamp="22 Sep 2014 04:41:54 GMT" time="1.365" errors="0">
  <testcase name="member_Remove" time="1.365" classname="com.nbcuni.test.nbcidx.member.link.social.TC20_Remove_Member"/>
</testsuite> <!-- com.nbcuni.test.nbcidx.member.link.social.TC20_Remove_Member -->
