<?xml version="1.0" encoding="UTF-8"?>
<!-- Generated by org.testng.reporters.JUnitReportReporter -->
<testsuite hostname="5TS206424426L7" name="com.nbcuni.test.nbcidx.member.remove.errorcodes.TC3374_MemberLogin_Error_502" tests="1" failures="0" timestamp="4 Sep 2014 16:17:16 GMT" time="10.232" errors="0">
  <testcase name="memberLogin_error502" time="10.232" classname="com.nbcuni.test.nbcidx.member.remove.errorcodes.TC3374_MemberLogin_Error_502"/>
</testsuite> <!-- com.nbcuni.test.nbcidx.member.remove.errorcodes.TC3374_MemberLogin_Error_502 -->
