<?xml version="1.0" encoding="UTF-8"?>
<!-- Generated by org.testng.reporters.JUnitReportReporter -->
<testsuite hostname="5TS206424426L7" name="com.nbcuni.test.nbcidx.member.get.memberId.TC5239_MemberGet_Valid_Username" tests="1" failures="0" timestamp="23 Sep 2014 20:58:03 GMT" time="1.772" errors="0">
  <testcase name="memberGet_username" time="1.772" classname="com.nbcuni.test.nbcidx.member.get.memberId.TC5239_MemberGet_Valid_Username"/>
</testsuite> <!-- com.nbcuni.test.nbcidx.member.get.memberId.TC5239_MemberGet_Valid_Username -->
