<?xml version="1.0" encoding="UTF-8"?>
<!-- Generated by org.testng.reporters.JUnitReportReporter -->
<testsuite hostname="5TS206424426L7" name="com.nbcuni.test.nbcidx.member.login.social.TC3378_MemberLogin_SocialLogin" tests="1" failures="0" timestamp="18 Sep 2014 17:48:48 GMT" time="56.441" errors="0">
  <testcase name="memberLogin_SocialLogin" time="56.441" classname="com.nbcuni.test.nbcidx.member.login.social.TC3378_MemberLogin_SocialLogin"/>
</testsuite> <!-- com.nbcuni.test.nbcidx.member.login.social.TC3378_MemberLogin_SocialLogin -->
