<?xml version="1.0" encoding="UTF-8"?>
<!-- Generated by org.testng.reporters.JUnitReportReporter -->
<testsuite hostname="5TS206424426L7" name="com.nbcuni.test.nbcidx.member.remove.brands.TC4930_MemberRemove_Brand_SurfExampleSite" tests="1" failures="0" timestamp="18 Sep 2014 17:48:48 GMT" time="38.389" errors="0">
  <testcase name="memberRemove_SurfExampleSite" time="38.389" classname="com.nbcuni.test.nbcidx.member.remove.brands.TC4930_MemberRemove_Brand_SurfExampleSite"/>
</testsuite> <!-- com.nbcuni.test.nbcidx.member.remove.brands.TC4930_MemberRemove_Brand_SurfExampleSite -->
