<?xml version="1.0" encoding="UTF-8"?>
<!-- Generated by org.testng.reporters.JUnitReportReporter -->
<testsuite hostname="5TS206424426L7" name="com.nbcuni.test.nbcidx.member.logout.direct.TC4331_MemberLogout_DirectLogout_Username" tests="1" failures="0" timestamp="18 Sep 2014 17:48:48 GMT" time="37.997" errors="0">
  <testcase name="memberLogout_username" time="37.997" classname="com.nbcuni.test.nbcidx.member.logout.direct.TC4331_MemberLogout_DirectLogout_Username"/>
</testsuite> <!-- com.nbcuni.test.nbcidx.member.logout.direct.TC4331_MemberLogout_DirectLogout_Username -->
