<?xml version="1.0" encoding="UTF-8"?>
<!-- Generated by org.testng.reporters.JUnitReportReporter -->
<testsuite hostname="5TS206424426L7" name="com.nbcuni.test.nbcidx.member.link.errorcodes.TC4994_MemberLink_Error_401" tests="1" failures="0" timestamp="23 Sep 2014 20:58:03 GMT" time="1.394" errors="0">
  <testcase name="memberLink_error401" time="1.394" classname="com.nbcuni.test.nbcidx.member.link.errorcodes.TC4994_MemberLink_Error_401"/>
</testsuite> <!-- com.nbcuni.test.nbcidx.member.link.errorcodes.TC4994_MemberLink_Error_401 -->
