<?xml version="1.0" encoding="UTF-8"?>
<!-- Generated by org.testng.reporters.JUnitReportReporter -->
<testsuite hostname="5TS206424426L7" name="com.nbcuni.test.nbcidx.member.remove.errorcodes.TC4934_MemberRemove_Error_403" tests="1" failures="0" timestamp="23 Sep 2014 20:58:03 GMT" time="1.644" errors="0">
  <testcase name="memberRemove_error403" time="1.644" classname="com.nbcuni.test.nbcidx.member.remove.errorcodes.TC4934_MemberRemove_Error_403"/>
</testsuite> <!-- com.nbcuni.test.nbcidx.member.remove.errorcodes.TC4934_MemberRemove_Error_403 -->
