<?xml version="1.0" encoding="UTF-8"?>
<!-- Generated by org.testng.reporters.JUnitReportReporter -->
<testsuite hostname="5TS206424426L7" name="com.nbcuni.test.nbcidx.member.login.hmac.TC4025_MemberLogin_HMAC_Signature" tests="1" failures="1" timestamp="26 Sep 2014 20:34:11 GMT" time="7.580" errors="0">
  <testcase name="memberLogin_HMAC" time="7.580" classname="com.nbcuni.test.nbcidx.member.login.hmac.TC4025_MemberLogin_HMAC_Signature">
    <failure type="java.lang.NullPointerException">
      <![CDATA[java.lang.NullPointerException
	at com.nbcuni.test.nbcidx.MemberAPIs.memberLOGINResponse(MemberAPIs.java:164)
	at com.nbcuni.test.nbcidx.member.login.hmac.TC4025_MemberLogin_HMAC_Signature.memberLogin_HMAC(TC4025_MemberLogin_HMAC_Signature.java:216)
	at sun.reflect.NativeMethodAccessorImpl.invoke0(Native Method)
	at sun.reflect.NativeMethodAccessorImpl.invoke(Unknown Source)
	at sun.reflect.DelegatingMethodAccessorImpl.invoke(Unknown Source)
	at java.lang.reflect.Method.invoke(Unknown Source)
	at org.testng.internal.MethodInvocationHelper.invokeMethod(MethodInvocationHelper.java:84)
	at org.testng.internal.Invoker.invokeMethod(Invoker.java:714)
	at org.testng.internal.Invoker.invokeTestMethod(Invoker.java:901)
	at org.testng.internal.Invoker.invokeTestMethods(Invoker.java:1231)
	at org.testng.internal.TestMethodWorker.invokeTestMethods(TestMethodWorker.java:127)
	at org.testng.internal.TestMethodWorker.run(TestMethodWorker.java:111)
	at java.util.concurrent.ThreadPoolExecutor.runWorker(Unknown Source)
	at java.util.concurrent.ThreadPoolExecutor$Worker.run(Unknown Source)
	at java.lang.Thread.run(Unknown Source)
]]>
    </failure>
  </testcase> <!-- memberLogin_HMAC -->
</testsuite> <!-- com.nbcuni.test.nbcidx.member.login.hmac.TC4025_MemberLogin_HMAC_Signature -->
