<?xml version="1.0" encoding="UTF-8"?>
<!-- Generated by org.testng.reporters.JUnitReportReporter -->
<testsuite hostname="5TS206424426L7" name="US5349andUS7325_member.remove_byBrand.TC3102_MemberRemove_RemoveByBrand" tests="1" failures="0" timestamp="9 Sep 2014 19:33:32 GMT" time="31.646" errors="0">
  <testcase name="memberRemove_removeByBrand" time="31.646" classname="US5349andUS7325_member.remove_byBrand.TC3102_MemberRemove_RemoveByBrand"/>
</testsuite> <!-- US5349andUS7325_member.remove_byBrand.TC3102_MemberRemove_RemoveByBrand -->
