<?xml version="1.0" encoding="UTF-8"?>
<!-- Generated by org.testng.reporters.JUnitReportReporter -->
<testsuite hostname="5TS206424426L7" name="com.nbcuni.test.nbcidx.member.link_noverify.errorcodes.TC5354_MemberLinkNoVerify_Error_400" tests="1" failures="0" timestamp="26 Sep 2014 20:34:12 GMT" time="8.973" errors="0">
  <testcase name="memberLinkNoVerify_error400" time="8.973" classname="com.nbcuni.test.nbcidx.member.link_noverify.errorcodes.TC5354_MemberLinkNoVerify_Error_400"/>
</testsuite> <!-- com.nbcuni.test.nbcidx.member.link_noverify.errorcodes.TC5354_MemberLinkNoVerify_Error_400 -->
