<?xml version="1.0" encoding="UTF-8"?>
<!-- Generated by org.testng.reporters.JUnitReportReporter -->
<testsuite hostname="5TS206424426L7" name="com.nbcuni.test.nbcidx.sanityWorkflow.TC5317_SC03_TS02_MemberGet_DB_Verification" tests="1" failures="0" timestamp="25 Sep 2014 22:30:20 GMT" time="13.785" errors="0">
  <testcase name="memberGet_verifyDB" time="13.785" classname="com.nbcuni.test.nbcidx.sanityWorkflow.TC5317_SC03_TS02_MemberGet_DB_Verification"/>
</testsuite> <!-- com.nbcuni.test.nbcidx.sanityWorkflow.TC5317_SC03_TS02_MemberGet_DB_Verification -->
