<?xml version="1.0" encoding="UTF-8"?>
<!-- Generated by org.testng.reporters.JUnitReportReporter -->
<testsuite hostname="5TS206424426L7" name="com.nbcuni.test.nbcidx.member.put.inputFields.TC05_MemberPut_Email" tests="1" failures="0" timestamp="5 Sep 2014 20:59:37 GMT" time="14.636" errors="0">
  <testcase name="memberPut_email" time="14.636" classname="com.nbcuni.test.nbcidx.member.put.inputFields.TC05_MemberPut_Email"/>
</testsuite> <!-- com.nbcuni.test.nbcidx.member.put.inputFields.TC05_MemberPut_Email -->
