<?xml version="1.0" encoding="UTF-8"?>
<!-- Generated by org.testng.reporters.JUnitReportReporter -->
<testsuite hostname="5TS206424426L7" name="US9329_member.login_HMAC.TC09_Generate_HMAC_With_Newer_TimeStamp" tests="1" failures="0" timestamp="16 Sep 2014 20:31:07 GMT" time="0.002" errors="0">
  <testcase name="generateHMAC" time="0.002" classname="US9329_member.login_HMAC.TC09_Generate_HMAC_With_Newer_TimeStamp"/>
</testsuite> <!-- US9329_member.login_HMAC.TC09_Generate_HMAC_With_Newer_TimeStamp -->
