<?xml version="1.0" encoding="UTF-8"?>
<!-- Generated by org.testng.reporters.JUnitReportReporter -->
<testsuite hostname="5TS206424426L7" name="com.nbcuni.test.nbcidx.member.link_noverify.social.TC53521_MemberRemove" tests="1" failures="0" timestamp="26 Sep 2014 15:27:27 GMT" time="1.524" errors="0">
  <testcase name="memberRemove" time="1.524" classname="com.nbcuni.test.nbcidx.member.link_noverify.social.TC53521_MemberRemove"/>
</testsuite> <!-- com.nbcuni.test.nbcidx.member.link_noverify.social.TC53521_MemberRemove -->
