<?xml version="1.0" encoding="UTF-8"?>
<!-- Generated by org.testng.reporters.JUnitReportReporter -->
<testsuite hostname="5TS206424426L7" name="com.nbcuni.test.nbcidx.member.link_noverify.brands.TC5342_MemberLinkNoVerify_Brand_SurfExampleSite" tests="1" failures="0" timestamp="26 Sep 2014 20:34:10 GMT" time="14.419" errors="0">
  <testcase name="memberLinkNoVerify_SurfExampleSite" time="14.419" classname="com.nbcuni.test.nbcidx.member.link_noverify.brands.TC5342_MemberLinkNoVerify_Brand_SurfExampleSite"/>
</testsuite> <!-- com.nbcuni.test.nbcidx.member.link_noverify.brands.TC5342_MemberLinkNoVerify_Brand_SurfExampleSite -->
