<?xml version="1.0" encoding="UTF-8"?>
<!-- Generated by org.testng.reporters.JUnitReportReporter -->
<testsuite hostname="5TS206424426L7" name="com.nbcuni.test.nbcidx.member.remove.TC3376_MemberLogin_DirectLogin_Email" tests="1" failures="0" timestamp="4 Sep 2014 16:17:16 GMT" time="18.860" errors="0">
  <testcase name="memberLogin_email" time="18.860" classname="com.nbcuni.test.nbcidx.member.remove.TC3376_MemberLogin_DirectLogin_Email"/>
</testsuite> <!-- com.nbcuni.test.nbcidx.member.remove.TC3376_MemberLogin_DirectLogin_Email -->
