<?xml version="1.0" encoding="UTF-8"?>
<!-- Generated by org.testng.reporters.JUnitReportReporter -->
<testsuite hostname="5TS206424426L7" name="com.nbcuni.test.nbcidx.member.get.errorcodes.TC06_MemberGet_Error_500" tests="1" failures="0" timestamp="18 Sep 2014 17:48:47 GMT" time="1.105" errors="0">
  <testcase name="memberGet_error500" time="1.105" classname="com.nbcuni.test.nbcidx.member.get.errorcodes.TC06_MemberGet_Error_500"/>
</testsuite> <!-- com.nbcuni.test.nbcidx.member.get.errorcodes.TC06_MemberGet_Error_500 -->
