<?xml version="1.0" encoding="UTF-8"?>
<!-- Generated by org.testng.reporters.JUnitReportReporter -->
<testsuite hostname="5TS206424426L7" name="com.nbcuni.test.nbcidx.sanity.SC03_TC01_MemberGet_API_Verification" tests="1" failures="0" timestamp="29 Jul 2014 16:25:44 GMT" time="3.239" errors="0">
  <testcase name="memberGet_verifyAPI" time="3.239" classname="com.nbcuni.test.nbcidx.sanity.SC03_TC01_MemberGet_API_Verification"/>
</testsuite> <!-- com.nbcuni.test.nbcidx.sanity.SC03_TC01_MemberGet_API_Verification -->
