<?xml version="1.0" encoding="UTF-8"?>
<!-- Generated by org.testng.reporters.JUnitReportReporter -->
<testsuite hostname="5TS206424426L7" name="com.nbcuni.test.nbcidx.member.delete.errorcodes.TC5080_MemberDelete_Error_401" tests="1" failures="0" timestamp="26 Sep 2014 20:34:09 GMT" time="1.217" errors="0">
  <testcase name="memberDelete_error401" time="1.217" classname="com.nbcuni.test.nbcidx.member.delete.errorcodes.TC5080_MemberDelete_Error_401"/>
</testsuite> <!-- com.nbcuni.test.nbcidx.member.delete.errorcodes.TC5080_MemberDelete_Error_401 -->
