<?xml version="1.0" encoding="UTF-8"?>
<!-- Generated by org.testng.reporters.JUnitReportReporter -->
<testsuite hostname="5TS206424426L7" name="com.nbcuni.test.nbcidx.member.delete.brands.TC5076_MemberDelete_Brand_INTERNALc1ab" tests="1" failures="0" timestamp="26 Sep 2014 20:34:11 GMT" time="6.045" errors="0">
  <testcase name="memberDelete_INTERNALc1ab" time="6.045" classname="com.nbcuni.test.nbcidx.member.delete.brands.TC5076_MemberDelete_Brand_INTERNALc1ab"/>
</testsuite> <!-- com.nbcuni.test.nbcidx.member.delete.brands.TC5076_MemberDelete_Brand_INTERNALc1ab -->
