<?xml version="1.0" encoding="UTF-8"?>
<!-- Generated by org.testng.reporters.JUnitReportReporter -->
<testsuite hostname="5TS206424426L7" name="com.nbcuni.test.nbcidx.member.login.hmac.TC10_MemberLogin_HMAC_Timeout" tests="1" failures="0" timestamp="18 Sep 2014 17:48:48 GMT" time="1.283" errors="0">
  <testcase name="memberLOGIN_HMACPasswordless" time="1.283" classname="com.nbcuni.test.nbcidx.member.login.hmac.TC10_MemberLogin_HMAC_Timeout"/>
</testsuite> <!-- com.nbcuni.test.nbcidx.member.login.hmac.TC10_MemberLogin_HMAC_Timeout -->
