<?xml version="1.0" encoding="UTF-8"?>
<!-- Generated by org.testng.reporters.JUnitReportReporter -->
<testsuite hostname="5TS206424426L7" name="com.nbcuni.test.nbcidx.member.put.brands.TC4573_MemberPut_Brand_INTERNALb92e" tests="1" failures="0" timestamp="23 Sep 2014 20:58:03 GMT" time="7.765" errors="0">
  <testcase name="memberPut_INTERNALb92e" time="7.765" classname="com.nbcuni.test.nbcidx.member.put.brands.TC4573_MemberPut_Brand_INTERNALb92e"/>
</testsuite> <!-- com.nbcuni.test.nbcidx.member.put.brands.TC4573_MemberPut_Brand_INTERNALb92e -->
