<?xml version="1.0" encoding="UTF-8"?>
<!-- Generated by org.testng.reporters.JUnitReportReporter -->
<testsuite hostname="5TS206424426L7" name="com.nbcuni.test.nbcidx.member.put.errorcodes.TC5035_MemberPut_Error_400_MiddleName" tests="1" failures="0" timestamp="18 Sep 2014 17:48:47 GMT" time="1.416" errors="0">
  <testcase name="memberPut_error400_middleName" time="1.416" classname="com.nbcuni.test.nbcidx.member.put.errorcodes.TC5035_MemberPut_Error_400_MiddleName"/>
</testsuite> <!-- com.nbcuni.test.nbcidx.member.put.errorcodes.TC5035_MemberPut_Error_400_MiddleName -->
