<?xml version="1.0" encoding="UTF-8"?>
<!-- Generated by org.testng.reporters.JUnitReportReporter -->
<testsuite hostname="5TS206424426L7" name="com.nbcuni.test.nbcidx.member.login.hmac.TC03_BrandGet_SurfBrand" tests="1" failures="0" timestamp="23 Sep 2014 20:07:47 GMT" time="1.987" errors="0">
  <testcase name="brandGet" time="1.987" classname="com.nbcuni.test.nbcidx.member.login.hmac.TC03_BrandGet_SurfBrand"/>
</testsuite> <!-- com.nbcuni.test.nbcidx.member.login.hmac.TC03_BrandGet_SurfBrand -->
