<?xml version="1.0" encoding="UTF-8"?>
<!-- Generated by org.testng.reporters.JUnitReportReporter -->
<testsuite hostname="5TS206424426L7" name="com.nbcuni.test.nbcidx.member.get.views.TC01_Create_ComplexMember_With_AttributeData" tests="1" failures="0" timestamp="26 Sep 2014 20:34:10 GMT" time="20.531" errors="0">
  <testcase name="createRandomMember" time="20.531" classname="com.nbcuni.test.nbcidx.member.get.views.TC01_Create_ComplexMember_With_AttributeData"/>
</testsuite> <!-- com.nbcuni.test.nbcidx.member.get.views.TC01_Create_ComplexMember_With_AttributeData -->
