<?xml version="1.0" encoding="UTF-8"?>
<!-- Generated by org.testng.reporters.JUnitReportReporter -->
<testsuite hostname="5TS206424426L7" name="com.nbcuni.test.nbcidx.member.put.brands.TC4570_MemberPut_Brand_IDXAPIExplorer" tests="1" failures="0" timestamp="23 Sep 2014 20:58:03 GMT" time="8.042" errors="0">
  <testcase name="memberPut_IDXAPIExplorer" time="8.042" classname="com.nbcuni.test.nbcidx.member.put.brands.TC4570_MemberPut_Brand_IDXAPIExplorer"/>
</testsuite> <!-- com.nbcuni.test.nbcidx.member.put.brands.TC4570_MemberPut_Brand_IDXAPIExplorer -->
