<?xml version="1.0" encoding="UTF-8"?>
<!-- Generated by org.testng.reporters.JUnitReportReporter -->
<testsuite hostname="5TS206424426L7" name="com.nbcuni.test.nbcidx.member.login.AutoArchiveHistory.TC4168_Auto_Archive_History_Verification" tests="1" failures="0" timestamp="18 Sep 2014 17:48:47 GMT" time="152.811" errors="0">
  <testcase name="verifyHistoryCollection" time="152.811" classname="com.nbcuni.test.nbcidx.member.login.AutoArchiveHistory.TC4168_Auto_Archive_History_Verification"/>
</testsuite> <!-- com.nbcuni.test.nbcidx.member.login.AutoArchiveHistory.TC4168_Auto_Archive_History_Verification -->
