<?xml version="1.0" encoding="UTF-8"?>
<!-- Generated by org.testng.reporters.JUnitReportReporter -->
<testsuite hostname="5TS206424426L7" name="com.nbcuni.test.nbcidx.sanityWorkflow.TC5319_SC04_TS02_MemberLogin_DB_Verification" tests="1" failures="0" timestamp="25 Sep 2014 22:30:20 GMT" time="14.220" errors="0">
  <testcase name="memberLogin_verifyDB" time="14.220" classname="com.nbcuni.test.nbcidx.sanityWorkflow.TC5319_SC04_TS02_MemberLogin_DB_Verification"/>
</testsuite> <!-- com.nbcuni.test.nbcidx.sanityWorkflow.TC5319_SC04_TS02_MemberLogin_DB_Verification -->
