<?xml version="1.0" encoding="UTF-8"?>
<!-- Generated by org.testng.reporters.JUnitReportReporter -->
<testsuite hostname="5TS206424426L7" name="com.nbcuni.test.nbcidx.member.link.social.TC49992A_MemberRemove" tests="1" failures="0" timestamp="23 Sep 2014 20:58:03 GMT" time="2.349" errors="0">
  <testcase name="memberRemove" time="2.349" classname="com.nbcuni.test.nbcidx.member.link.social.TC49992A_MemberRemove"/>
</testsuite> <!-- com.nbcuni.test.nbcidx.member.link.social.TC49992A_MemberRemove -->
