<?xml version="1.0" encoding="UTF-8"?>
<!-- Generated by org.testng.reporters.JUnitReportReporter -->
<testsuite hostname="5TS206424426L7" name="com.nbcuni.test.nbcidx.member.link.errorcodes.TC4998_MemberLink_Error_502" tests="1" failures="0" timestamp="22 Sep 2014 03:14:33 GMT" time="0.554" errors="1">
  <testcase name="memberLink_error502" time="0.554" classname="com.nbcuni.test.nbcidx.member.link.errorcodes.TC4998_MemberLink_Error_502">
    <error type="java.lang.AssertionError" message="Member.link Response code =404">
      <![CDATA[java.lang.AssertionError: Member.link Response code =404
	at org.testng.AssertJUnit.fail(AssertJUnit.java:59)
	at com.nbcuni.test.nbcidx.member.link.errorcodes.TC4998_MemberLink_Error_502.memberLink_error502(TC4998_MemberLink_Error_502.java:106)
	at sun.reflect.NativeMethodAccessorImpl.invoke0(Native Method)
	at sun.reflect.NativeMethodAccessorImpl.invoke(Unknown Source)
	at sun.reflect.DelegatingMethodAccessorImpl.invoke(Unknown Source)
	at java.lang.reflect.Method.invoke(Unknown Source)
	at org.testng.internal.MethodInvocationHelper.invokeMethod(MethodInvocationHelper.java:84)
	at org.testng.internal.Invoker.invokeMethod(Invoker.java:714)
	at org.testng.internal.Invoker.invokeTestMethod(Invoker.java:901)
	at org.testng.internal.Invoker.invokeTestMethods(Invoker.java:1231)
	at org.testng.internal.TestMethodWorker.invokeTestMethods(TestMethodWorker.java:127)
	at org.testng.internal.TestMethodWorker.run(TestMethodWorker.java:111)
	at java.util.concurrent.ThreadPoolExecutor.runWorker(Unknown Source)
	at java.util.concurrent.ThreadPoolExecutor$Worker.run(Unknown Source)
	at java.lang.Thread.run(Unknown Source)
]]>
    </error>
  </testcase> <!-- memberLink_error502 -->
</testsuite> <!-- com.nbcuni.test.nbcidx.member.link.errorcodes.TC4998_MemberLink_Error_502 -->
