<?xml version="1.0" encoding="UTF-8"?>
<!-- Generated by org.testng.reporters.JUnitReportReporter -->
<testsuite hostname="5TS206424426L7" name="com.nbcuni.test.nbcidx.member.noverify.errorcodes.TC4996_MemberLink_Error_404" tests="1" failures="0" timestamp="25 Sep 2014 23:51:11 GMT" time="0.922" errors="0">
  <testcase name="memberLink_error404" time="0.922" classname="com.nbcuni.test.nbcidx.member.noverify.errorcodes.TC4996_MemberLink_Error_404"/>
</testsuite> <!-- com.nbcuni.test.nbcidx.member.noverify.errorcodes.TC4996_MemberLink_Error_404 -->
