<?xml version="1.0" encoding="UTF-8"?>
<!-- Generated by org.testng.reporters.JUnitReportReporter -->
<testsuite hostname="5TS206424426L7" name="com.nbcuni.test.nbcidx.member.logout.direct.TC4330_MemberLogout_DirectLogout_UUID" tests="1" failures="0" timestamp="18 Sep 2014 17:48:48 GMT" time="57.222" errors="0">
  <testcase name="memberLogout_uuid" time="57.222" classname="com.nbcuni.test.nbcidx.member.logout.direct.TC4330_MemberLogout_DirectLogout_UUID"/>
</testsuite> <!-- com.nbcuni.test.nbcidx.member.logout.direct.TC4330_MemberLogout_DirectLogout_UUID -->
