<?xml version="1.0" encoding="UTF-8"?>
<!-- Generated by org.testng.reporters.JUnitReportReporter -->
<testsuite hostname="5TS206424426L7" name="US9329_member.login_HMAC.TC4026_MemberLogin_HMAC_Errors" tests="1" failures="0" timestamp="23 Sep 2014 20:25:12 GMT" time="4.659" errors="0">
  <testcase name="memberLogin_HMAC_errors" time="4.659" classname="US9329_member.login_HMAC.TC4026_MemberLogin_HMAC_Errors"/>
</testsuite> <!-- US9329_member.login_HMAC.TC4026_MemberLogin_HMAC_Errors -->
