<?xml version="1.0" encoding="UTF-8"?>
<!-- Generated by org.testng.reporters.JUnitReportReporter -->
<testsuite hostname="5TS206424426L7" name="com.nbcuni.test.nbcidx.member.noverify.errorcodes.TC4993_MemberLink_Error_400" tests="1" failures="0" timestamp="25 Sep 2014 23:51:12 GMT" time="21.491" errors="0">
  <testcase name="memberLink_error400" time="21.491" classname="com.nbcuni.test.nbcidx.member.noverify.errorcodes.TC4993_MemberLink_Error_400"/>
</testsuite> <!-- com.nbcuni.test.nbcidx.member.noverify.errorcodes.TC4993_MemberLink_Error_400 -->
