<?xml version="1.0" encoding="UTF-8"?>
<!-- Generated by org.testng.reporters.JUnitReportReporter -->
<testsuite hostname="5TS206424426L7" name="com.nbcuni.test.nbcidx.member.put.inputFields.TC5027_MemberPut_Avatar" tests="1" failures="0" timestamp="18 Sep 2014 17:48:48 GMT" time="2.483" errors="0">
  <testcase name="memberPut_avatar" time="2.483" classname="com.nbcuni.test.nbcidx.member.put.inputFields.TC5027_MemberPut_Avatar"/>
</testsuite> <!-- com.nbcuni.test.nbcidx.member.put.inputFields.TC5027_MemberPut_Avatar -->
