<?xml version="1.0" encoding="UTF-8"?>
<!-- Generated by org.testng.reporters.JUnitReportReporter -->
<testsuite hostname="5TS206424426L7" name="com.nbcuni.test.nbcidx.member.get.views.TC5252_MemberGet_Invalid_View" tests="1" failures="0" timestamp="23 Sep 2014 20:58:03 GMT" time="1.804" errors="0">
  <testcase name="memberGet_view_invalidValue" time="1.804" classname="com.nbcuni.test.nbcidx.member.get.views.TC5252_MemberGet_Invalid_View"/>
</testsuite> <!-- com.nbcuni.test.nbcidx.member.get.views.TC5252_MemberGet_Invalid_View -->
