<?xml version="1.0" encoding="UTF-8"?>
<!-- Generated by org.testng.reporters.JUnitReportReporter -->
<testsuite hostname="5TS206424426L7" name="com.nbcuni.test.nbcidx.member.login.errorcodes.TC3374_MemberLogin_Error_502" tests="1" failures="0" timestamp="26 Sep 2014 20:34:10 GMT" time="9.549" errors="0">
  <testcase name="memberLogin_error502" time="9.549" classname="com.nbcuni.test.nbcidx.member.login.errorcodes.TC3374_MemberLogin_Error_502"/>
</testsuite> <!-- com.nbcuni.test.nbcidx.member.login.errorcodes.TC3374_MemberLogin_Error_502 -->
