<?xml version="1.0" encoding="UTF-8"?>
<!-- Generated by org.testng.reporters.JUnitReportReporter -->
<testsuite hostname="5TS206424426L7" name="com.nbcuni.test.nbcidx.member.link.hmac.TC4465_MemberLink_HMAC_Signature" tests="1" failures="0" timestamp="26 Sep 2014 20:34:10 GMT" time="6.113" errors="0">
  <testcase name="memberLink_HMAC" time="6.113" classname="com.nbcuni.test.nbcidx.member.link.hmac.TC4465_MemberLink_HMAC_Signature"/>
</testsuite> <!-- com.nbcuni.test.nbcidx.member.link.hmac.TC4465_MemberLink_HMAC_Signature -->
