<?xml version="1.0" encoding="UTF-8"?>
<!-- Generated by org.testng.reporters.JUnitReportReporter -->
<testsuite hostname="5TS206424426L7" name="com.nbcuni.test.nbcidx.member.remove.errorcodes.TC4935_MemberRemove_Error_404" tests="1" failures="0" timestamp="26 Sep 2014 20:34:10 GMT" time="8.471" errors="0">
  <testcase name="memberRemove_error404" time="8.471" classname="com.nbcuni.test.nbcidx.member.remove.errorcodes.TC4935_MemberRemove_Error_404"/>
</testsuite> <!-- com.nbcuni.test.nbcidx.member.remove.errorcodes.TC4935_MemberRemove_Error_404 -->
