<?xml version="1.0" encoding="UTF-8"?>
<!-- Generated by org.testng.reporters.JUnitReportReporter -->
<testsuite hostname="5TS206424426L7" name="com.nbcuni.test.nbcidx.member.link.TC01_Create_Random_Member" tests="1" failures="0" timestamp="10 Sep 2014 17:55:39 GMT" time="0.001" errors="0">
  <testcase name="create_Random_Member" time="0.001" classname="com.nbcuni.test.nbcidx.member.link.TC01_Create_Random_Member"/>
</testsuite> <!-- com.nbcuni.test.nbcidx.member.link.TC01_Create_Random_Member -->
