<?xml version="1.0" encoding="UTF-8"?>
<!-- Generated by org.testng.reporters.JUnitReportReporter -->
<testsuite hostname="5TS206424426L7" name="com.nbcuni.test.nbcidx.sanity.SC05_TC01_MemberLogout_API_Verification" tests="1" failures="0" timestamp="4 Sep 2014 17:27:37 GMT" time="1.446" errors="0">
  <testcase name="memberLogout_verifyAPI" time="1.446" classname="com.nbcuni.test.nbcidx.sanity.SC05_TC01_MemberLogout_API_Verification"/>
</testsuite> <!-- com.nbcuni.test.nbcidx.sanity.SC05_TC01_MemberLogout_API_Verification -->
