<?xml version="1.0" encoding="UTF-8"?>
<!-- Generated by org.testng.reporters.JUnitReportReporter -->
<testsuite hostname="5TS206424426L7" name="com.nbcuni.test.nbcidx.member.logout.errorcodes.TC4329_MemberLogout_Error_404" tests="1" failures="0" timestamp="26 Sep 2014 20:34:09 GMT" time="1.119" errors="0">
  <testcase name="memberLogout_error404" time="1.119" classname="com.nbcuni.test.nbcidx.member.logout.errorcodes.TC4329_MemberLogout_Error_404"/>
</testsuite> <!-- com.nbcuni.test.nbcidx.member.logout.errorcodes.TC4329_MemberLogout_Error_404 -->
