<?xml version="1.0" encoding="UTF-8"?>
<!-- Generated by org.testng.reporters.JUnitReportReporter -->
<testsuite hostname="5TS206424426L7" name="com.nbcuni.test.nbcidx.member.put.errorcodes.TC02_MemberPut_Error_400_Username" tests="1" failures="0" timestamp="5 Sep 2014 20:59:38 GMT" time="4.685" errors="0">
  <testcase name="memberPut_error400_username" time="4.685" classname="com.nbcuni.test.nbcidx.member.put.errorcodes.TC02_MemberPut_Error_400_Username"/>
</testsuite> <!-- com.nbcuni.test.nbcidx.member.put.errorcodes.TC02_MemberPut_Error_400_Username -->
