<?xml version="1.0" encoding="UTF-8"?>
<!-- Generated by org.testng.reporters.JUnitReportReporter -->
<testsuite hostname="5TS206424426L7" name="com.nbcuni.test.nbcidx.member.logout.errorcodes.TC4333_MemberLogout_Error_502" tests="1" failures="0" timestamp="18 Sep 2014 17:48:48 GMT" time="26.206" errors="0">
  <testcase name="memberLogout_error502" time="26.206" classname="com.nbcuni.test.nbcidx.member.logout.errorcodes.TC4333_MemberLogout_Error_502"/>
</testsuite> <!-- com.nbcuni.test.nbcidx.member.logout.errorcodes.TC4333_MemberLogout_Error_502 -->
