<?xml version="1.0" encoding="UTF-8"?>
<!-- Generated by org.testng.reporters.JUnitReportReporter -->
<testsuite hostname="5TS206424426L7" name="com.nbcuni.test.nbcidx.member.link.TC09_MemberLink_Yahoo" tests="1" failures="1" timestamp="10 Sep 2014 20:00:02 GMT" time="6.783" errors="0">
  <testcase name="memberLink_Yahoo" time="6.783" classname="com.nbcuni.test.nbcidx.member.link.TC09_MemberLink_Yahoo">
    <failure type="java.lang.NullPointerException">
      <![CDATA[java.lang.NullPointerException
	at java.io.Reader.<init>(Unknown Source)
	at java.io.InputStreamReader.<init>(Unknown Source)
	at com.nbcuni.test.nbcidx.AppLib.postHTTPReponseCode(AppLib.java:576)
	at com.nbcuni.test.nbcidx.MemberAPIs.memberLINKResponseCode(MemberAPIs.java:390)
	at com.nbcuni.test.nbcidx.member.link.TC09_MemberLink_Yahoo.memberLink_Yahoo(TC09_MemberLink_Yahoo.java:102)
	at sun.reflect.NativeMethodAccessorImpl.invoke0(Native Method)
	at sun.reflect.NativeMethodAccessorImpl.invoke(Unknown Source)
	at sun.reflect.DelegatingMethodAccessorImpl.invoke(Unknown Source)
	at java.lang.reflect.Method.invoke(Unknown Source)
	at org.testng.internal.MethodInvocationHelper.invokeMethod(MethodInvocationHelper.java:84)
	at org.testng.internal.Invoker.invokeMethod(Invoker.java:714)
	at org.testng.internal.Invoker.invokeTestMethod(Invoker.java:901)
	at org.testng.internal.Invoker.invokeTestMethods(Invoker.java:1231)
	at org.testng.internal.TestMethodWorker.invokeTestMethods(TestMethodWorker.java:127)
	at org.testng.internal.TestMethodWorker.run(TestMethodWorker.java:111)
	at java.util.concurrent.ThreadPoolExecutor$Worker.runTask(Unknown Source)
	at java.util.concurrent.ThreadPoolExecutor$Worker.run(Unknown Source)
	at java.lang.Thread.run(Unknown Source)
]]>
    </failure>
  </testcase> <!-- memberLink_Yahoo -->
</testsuite> <!-- com.nbcuni.test.nbcidx.member.link.TC09_MemberLink_Yahoo -->
