<?xml version="1.0" encoding="UTF-8"?>
<!-- Generated by org.testng.reporters.JUnitReportReporter -->
<testsuite hostname="5TS206424426L7" name="US9329_member.login_HMAC.TC02_MemberLink_Noverify_CustomProvider" tests="1" failures="0" timestamp="16 Sep 2014 20:31:07 GMT" time="4.003" errors="0">
  <testcase name="memberLINK_Noverify" time="4.003" classname="US9329_member.login_HMAC.TC02_MemberLink_Noverify_CustomProvider"/>
</testsuite> <!-- US9329_member.login_HMAC.TC02_MemberLink_Noverify_CustomProvider -->
