<?xml version="1.0" encoding="UTF-8"?>
<!-- Generated by org.testng.reporters.JUnitReportReporter -->
<testsuite hostname="5TS206424426L7" name="com.nbcuni.test.nbcidx.member.login.direct.TC3377_MemberLogin_DirectLogin_Username" tests="1" failures="0" timestamp="18 Sep 2014 17:48:48 GMT" time="58.406" errors="0">
  <testcase name="memberLogin_username" time="58.406" classname="com.nbcuni.test.nbcidx.member.login.direct.TC3377_MemberLogin_DirectLogin_Username"/>
</testsuite> <!-- com.nbcuni.test.nbcidx.member.login.direct.TC3377_MemberLogin_DirectLogin_Username -->
