<?xml version="1.0" encoding="UTF-8"?>
<!-- Generated by org.testng.reporters.JUnitReportReporter -->
<testsuite hostname="5TS206424426L7" name="com.nbcuni.test.nbcidx.member.get.views.TC05_MemberGet_View_AdTargeting" tests="1" failures="0" timestamp="11 Sep 2014 16:40:21 GMT" time="0.547" errors="0">
  <testcase name="memberGet_view_adTargeting" time="0.547" classname="com.nbcuni.test.nbcidx.member.get.views.TC05_MemberGet_View_AdTargeting"/>
</testsuite> <!-- com.nbcuni.test.nbcidx.member.get.views.TC05_MemberGet_View_AdTargeting -->
