<?xml version="1.0" encoding="UTF-8"?>
<!-- Generated by org.testng.reporters.JUnitReportReporter -->
<testsuite hostname="5TS206424426L7" name="com.nbcuni.test.nbcidx.member.link_noverify.brands.TC5346_MemberLinkNoVerify_Brand_INTERNALb92e" tests="1" failures="0" timestamp="26 Sep 2014 20:34:12 GMT" time="10.895" errors="0">
  <testcase name="memberLinkNoVerify_INTERNALb92e" time="10.895" classname="com.nbcuni.test.nbcidx.member.link_noverify.brands.TC5346_MemberLinkNoVerify_Brand_INTERNALb92e"/>
</testsuite> <!-- com.nbcuni.test.nbcidx.member.link_noverify.brands.TC5346_MemberLinkNoVerify_Brand_INTERNALb92e -->
