<?xml version="1.0" encoding="UTF-8"?>
<!-- Generated by org.testng.reporters.JUnitReportReporter -->
<testsuite hostname="5TS206424426L7" name="com.nbcuni.test.nbcidx.sanityWorkflow.TC5313_SC01_Create_RandomMemberInfo" tests="1" failures="0" timestamp="25 Sep 2014 22:30:20 GMT" time="0.062" errors="0">
  <testcase name="createRandomMember" time="0.062" classname="com.nbcuni.test.nbcidx.sanityWorkflow.TC5313_SC01_Create_RandomMemberInfo"/>
</testsuite> <!-- com.nbcuni.test.nbcidx.sanityWorkflow.TC5313_SC01_Create_RandomMemberInfo -->
