<?xml version="1.0" encoding="UTF-8"?>
<!-- Generated by org.testng.reporters.JUnitReportReporter -->
<testsuite hostname="5TS206424426L7" name="com.nbcuni.test.nbcidx.member.get.views.TC5249_MemberGet_View_UserEntered" tests="1" failures="0" timestamp="26 Sep 2014 20:34:11 GMT" time="1.843" errors="0">
  <testcase name="memberGet_view_userEntered" time="1.843" classname="com.nbcuni.test.nbcidx.member.get.views.TC5249_MemberGet_View_UserEntered"/>
</testsuite> <!-- com.nbcuni.test.nbcidx.member.get.views.TC5249_MemberGet_View_UserEntered -->
