<?xml version="1.0" encoding="UTF-8"?>
<!-- Generated by org.testng.reporters.JUnitReportReporter -->
<testsuite hostname="5TS206424426L7" name="com.nbcuni.test.nbcidx.member.remove.brands.TC5272_MemberRemove_Brand_INTERNALc1ab" tests="1" failures="0" timestamp="23 Sep 2014 20:58:03 GMT" time="5.791" errors="0">
  <testcase name="memberRemove_INTERNALc1ab" time="5.791" classname="com.nbcuni.test.nbcidx.member.remove.brands.TC5272_MemberRemove_Brand_INTERNALc1ab"/>
</testsuite> <!-- com.nbcuni.test.nbcidx.member.remove.brands.TC5272_MemberRemove_Brand_INTERNALc1ab -->
