<?xml version="1.0" encoding="UTF-8"?>
<!-- Generated by org.testng.reporters.JUnitReportReporter -->
<testsuite hostname="5TS206424426L7" name="com.nbcuni.test.nbcidx.sanity.SC06_TC01_MemberRemove_API_Verification" tests="1" failures="0" timestamp="29 Jul 2014 16:25:44 GMT" time="2.094" errors="0">
  <testcase name="memberRemove_verifyAPI" time="2.094" classname="com.nbcuni.test.nbcidx.sanity.SC06_TC01_MemberRemove_API_Verification"/>
</testsuite> <!-- com.nbcuni.test.nbcidx.sanity.SC06_TC01_MemberRemove_API_Verification -->
