<?xml version="1.0" encoding="UTF-8"?>
<!-- Generated by org.testng.reporters.JUnitReportReporter -->
<testsuite hostname="5TS206424426L7" name="com.nbcuni.test.nbcidx.member.get.socialMedia.TC05_MemberGet_Provider_Yahoo" tests="1" failures="0" timestamp="18 Sep 2014 17:48:47 GMT" time="36.838" errors="0">
  <testcase name="memberGet_providerYahoo" time="36.838" classname="com.nbcuni.test.nbcidx.member.get.socialMedia.TC05_MemberGet_Provider_Yahoo"/>
</testsuite> <!-- com.nbcuni.test.nbcidx.member.get.socialMedia.TC05_MemberGet_Provider_Yahoo -->
