<?xml version="1.0" encoding="UTF-8"?>
<!-- Generated by org.testng.reporters.JUnitReportReporter -->
<testsuite hostname="5TS206424426L7" name="com.nbcuni.test.nbcidx.member.put.errorcodes.TC24_Remove_Member" tests="1" failures="0" timestamp="5 Sep 2014 20:59:37 GMT" time="1.985" errors="0">
  <testcase name="memberRemove" time="1.985" classname="com.nbcuni.test.nbcidx.member.put.errorcodes.TC24_Remove_Member"/>
</testsuite> <!-- com.nbcuni.test.nbcidx.member.put.errorcodes.TC24_Remove_Member -->
