<?xml version="1.0" encoding="UTF-8"?>
<!-- Generated by org.testng.reporters.JUnitReportReporter -->
<testsuite hostname="5TS206424426L7" name="com.nbcuni.test.nbcidx.member.put.errorcodes.TC09_MemberPut_Error_400_LastName" tests="1" failures="0" timestamp="5 Sep 2014 20:59:38 GMT" time="4.007" errors="0">
  <testcase name="memberPut_error400_lastName" time="4.007" classname="com.nbcuni.test.nbcidx.member.put.errorcodes.TC09_MemberPut_Error_400_LastName"/>
</testsuite> <!-- com.nbcuni.test.nbcidx.member.put.errorcodes.TC09_MemberPut_Error_400_LastName -->
