<?xml version="1.0" encoding="UTF-8"?>
<!-- Generated by org.testng.reporters.JUnitReportReporter -->
<testsuite hostname="5TS206424426L7" name="com.nbcuni.test.nbcidx.member.link.social.TC15_MemberLink_GooglePlus" tests="1" failures="1" timestamp="17 Sep 2014 22:20:38 GMT" time="6.212" errors="0">
  <testcase name="memberLink_GooglePlus" time="6.212" classname="com.nbcuni.test.nbcidx.member.link.social.TC15_MemberLink_GooglePlus">
    <failure type="java.lang.NullPointerException">
      <![CDATA[java.lang.NullPointerException
	at java.io.Reader.<init>(Unknown Source)
	at java.io.InputStreamReader.<init>(Unknown Source)
	at com.nbcuni.test.nbcidx.AppLib.postHTTPReponseCode(AppLib.java:576)
	at com.nbcuni.test.nbcidx.MemberAPIs.memberLINKResponseCode(MemberAPIs.java:377)
	at com.nbcuni.test.nbcidx.member.link.social.TC15_MemberLink_GooglePlus.memberLink_GooglePlus(TC15_MemberLink_GooglePlus.java:96)
	at sun.reflect.NativeMethodAccessorImpl.invoke0(Native Method)
	at sun.reflect.NativeMethodAccessorImpl.invoke(Unknown Source)
	at sun.reflect.DelegatingMethodAccessorImpl.invoke(Unknown Source)
	at java.lang.reflect.Method.invoke(Unknown Source)
	at org.testng.internal.MethodInvocationHelper.invokeMethod(MethodInvocationHelper.java:84)
	at org.testng.internal.Invoker.invokeMethod(Invoker.java:714)
	at org.testng.internal.Invoker.invokeTestMethod(Invoker.java:901)
	at org.testng.internal.Invoker.invokeTestMethods(Invoker.java:1231)
	at org.testng.internal.TestMethodWorker.invokeTestMethods(TestMethodWorker.java:127)
	at org.testng.internal.TestMethodWorker.run(TestMethodWorker.java:111)
	at java.util.concurrent.ThreadPoolExecutor$Worker.runTask(Unknown Source)
	at java.util.concurrent.ThreadPoolExecutor$Worker.run(Unknown Source)
	at java.lang.Thread.run(Unknown Source)
]]>
    </failure>
  </testcase> <!-- memberLink_GooglePlus -->
</testsuite> <!-- com.nbcuni.test.nbcidx.member.link.social.TC15_MemberLink_GooglePlus -->
