<?xml version="1.0" encoding="UTF-8"?>
<!-- Generated by org.testng.reporters.JUnitReportReporter -->
<testsuite hostname="5TS206424426L7" name="com.nbcuni.test.nbcidx.member.link.errorcodes.TC4996_MemberLink_Error_404" tests="1" failures="0" timestamp="26 Sep 2014 20:34:11 GMT" time="0.896" errors="0">
  <testcase name="memberLink_error404" time="0.896" classname="com.nbcuni.test.nbcidx.member.link.errorcodes.TC4996_MemberLink_Error_404"/>
</testsuite> <!-- com.nbcuni.test.nbcidx.member.link.errorcodes.TC4996_MemberLink_Error_404 -->
