<?xml version="1.0" encoding="UTF-8"?>
<!-- Generated by org.testng.reporters.JUnitReportReporter -->
<testsuite hostname="5TS206424426L7" name="com.nbcuni.test.nbcidx.member.put.inputFields.TC12_MemberPut_Phone" tests="1" failures="0" timestamp="5 Sep 2014 20:59:37 GMT" time="12.426" errors="0">
  <testcase name="memberPut_phone" time="12.426" classname="com.nbcuni.test.nbcidx.member.put.inputFields.TC12_MemberPut_Phone"/>
</testsuite> <!-- com.nbcuni.test.nbcidx.member.put.inputFields.TC12_MemberPut_Phone -->
