<?xml version="1.0" encoding="UTF-8"?>
<!-- Generated by org.testng.reporters.JUnitReportReporter -->
<testsuite hostname="5TS206424426L7" name="com.nbcuni.test.nbcidx.member.remove.memberId.TC4929_MemberRemove_Username" tests="1" failures="0" timestamp="26 Sep 2014 20:34:09 GMT" time="4.006" errors="0">
  <testcase name="memberRemove_username" time="4.006" classname="com.nbcuni.test.nbcidx.member.remove.memberId.TC4929_MemberRemove_Username"/>
</testsuite> <!-- com.nbcuni.test.nbcidx.member.remove.memberId.TC4929_MemberRemove_Username -->
