<?xml version="1.0" encoding="UTF-8"?>
<!-- Generated by org.testng.reporters.JUnitReportReporter -->
<testsuite hostname="5TS206424426L7" name="com.nbcuni.test.nbcidx.member.get.errorcodes.TC02_MemberGet_Error_400" tests="1" failures="0" timestamp="11 Sep 2014 16:40:21 GMT" time="0.992" errors="0">
  <testcase name="memberGet_error400" time="0.992" classname="com.nbcuni.test.nbcidx.member.get.errorcodes.TC02_MemberGet_Error_400"/>
</testsuite> <!-- com.nbcuni.test.nbcidx.member.get.errorcodes.TC02_MemberGet_Error_400 -->
