<?xml version="1.0" encoding="UTF-8"?>
<!-- Generated by org.testng.reporters.JUnitReportReporter -->
<testsuite hostname="5TS206424426L7" name="com.nbcuni.test.nbcidx.sanityWorkflow.TC5318_SC04_TS01_MemberLogin_API_Verification" tests="1" failures="0" timestamp="25 Sep 2014 22:30:20 GMT" time="2.902" errors="0">
  <testcase name="memberLogin_verifyAPI" time="2.902" classname="com.nbcuni.test.nbcidx.sanityWorkflow.TC5318_SC04_TS01_MemberLogin_API_Verification"/>
</testsuite> <!-- com.nbcuni.test.nbcidx.sanityWorkflow.TC5318_SC04_TS01_MemberLogin_API_Verification -->
