<?xml version="1.0" encoding="UTF-8"?>
<!-- Generated by org.testng.reporters.JUnitReportReporter -->
<testsuite hostname="5TS206424426L7" name="com.nbcuni.test.nbcidx.member.link.TC03_Member_Link_Facebook" tests="1" failures="1" timestamp="3 Sep 2014 21:08:45 GMT" time="5.313" errors="0">
  <testcase name="member_Link_Facebook" time="5.313" classname="com.nbcuni.test.nbcidx.member.link.TC03_Member_Link_Facebook">
    <failure type="java.lang.NullPointerException">
      <![CDATA[java.lang.NullPointerException
	at java.io.Reader.<init>(Unknown Source)
	at java.io.InputStreamReader.<init>(Unknown Source)
	at com.nbcuni.test.nbcidx.AppLib.postHTTPReponseCode(AppLib.java:576)
	at com.nbcuni.test.nbcidx.MemberAPIs.memberLINKResponseCode(MemberAPIs.java:369)
	at com.nbcuni.test.nbcidx.member.link.TC03_Member_Link_Facebook.member_Link_Facebook(TC03_Member_Link_Facebook.java:100)
	at sun.reflect.NativeMethodAccessorImpl.invoke0(Native Method)
	at sun.reflect.NativeMethodAccessorImpl.invoke(Unknown Source)
	at sun.reflect.DelegatingMethodAccessorImpl.invoke(Unknown Source)
	at java.lang.reflect.Method.invoke(Unknown Source)
	at org.testng.internal.MethodInvocationHelper.invokeMethod(MethodInvocationHelper.java:84)
	at org.testng.internal.Invoker.invokeMethod(Invoker.java:714)
	at org.testng.internal.Invoker.invokeTestMethod(Invoker.java:901)
	at org.testng.internal.Invoker.invokeTestMethods(Invoker.java:1231)
	at org.testng.internal.TestMethodWorker.invokeTestMethods(TestMethodWorker.java:127)
	at org.testng.internal.TestMethodWorker.run(TestMethodWorker.java:111)
	at java.util.concurrent.ThreadPoolExecutor$Worker.runTask(Unknown Source)
	at java.util.concurrent.ThreadPoolExecutor$Worker.run(Unknown Source)
	at java.lang.Thread.run(Unknown Source)
]]>
    </failure>
  </testcase> <!-- member_Link_Facebook -->
</testsuite> <!-- com.nbcuni.test.nbcidx.member.link.TC03_Member_Link_Facebook -->
