<?xml version="1.0" encoding="UTF-8"?>
<!-- Generated by org.testng.reporters.JUnitReportReporter -->
<testsuite hostname="5TS206424426L7" name="com.nbcuni.test.nbcidx.member.get.memberId.TC5241_MemberGet_Valid_UUID" tests="1" failures="0" timestamp="26 Sep 2014 20:34:08 GMT" time="1.480" errors="0">
  <testcase name="memberGet_uuid" time="1.480" classname="com.nbcuni.test.nbcidx.member.get.memberId.TC5241_MemberGet_Valid_UUID"/>
</testsuite> <!-- com.nbcuni.test.nbcidx.member.get.memberId.TC5241_MemberGet_Valid_UUID -->
