<?xml version="1.0" encoding="UTF-8"?>
<!-- Generated by org.testng.reporters.JUnitReportReporter -->
<testsuite hostname="5TS206424426L7" name="com.nbcuni.test.nbcidx.member.login.social.TC1_MemberLogin_SocialLogin" tests="1" failures="0" timestamp="26 Aug 2014 19:07:14 GMT" time="10.582" errors="0">
  <testcase name="memberLogin_SocialLogin" time="10.582" classname="com.nbcuni.test.nbcidx.member.login.social.TC1_MemberLogin_SocialLogin"/>
</testsuite> <!-- com.nbcuni.test.nbcidx.member.login.social.TC1_MemberLogin_SocialLogin -->
