<?xml version="1.0" encoding="UTF-8"?>
<!-- Generated by org.testng.reporters.JUnitReportReporter -->
<testsuite hostname="5TS206424426L7" name="com.nbcuni.test.nbcidx.member.login.autoArchiveHistory.TC4168_Auto_Archive_History_Verification" tests="1" failures="0" timestamp="26 Sep 2014 20:34:10 GMT" time="18.306" errors="0">
  <testcase name="verifyHistoryCollection" time="18.306" classname="com.nbcuni.test.nbcidx.member.login.autoArchiveHistory.TC4168_Auto_Archive_History_Verification"/>
</testsuite> <!-- com.nbcuni.test.nbcidx.member.login.autoArchiveHistory.TC4168_Auto_Archive_History_Verification -->
