<?xml version="1.0" encoding="UTF-8"?>
<!-- Generated by org.testng.reporters.JUnitReportReporter -->
<<<<<<< HEAD
<testsuite hostname="5TS206424426L7" name="com.nbcuni.test.nbcidx.sanity.SC03_TC01_MemberGet_API_Verification" tests="1" failures="0" timestamp="4 Sep 2014 17:27:37 GMT" time="1.224" errors="0">
  <testcase name="memberGet_verifyAPI" time="1.224" classname="com.nbcuni.test.nbcidx.sanity.SC03_TC01_MemberGet_API_Verification"/>
=======
<testsuite hostname="5TS206424426L7" name="com.nbcuni.test.nbcidx.sanity.SC03_TC01_MemberGet_API_Verification" tests="1" failures="0" timestamp="29 Jul 2014 16:25:44 GMT" time="3.239" errors="0">
  <testcase name="memberGet_verifyAPI" time="3.239" classname="com.nbcuni.test.nbcidx.sanity.SC03_TC01_MemberGet_API_Verification"/>
>>>>>>> e0bfe6667037b0acc975a71a05df166a022bb383
</testsuite> <!-- com.nbcuni.test.nbcidx.sanity.SC03_TC01_MemberGet_API_Verification -->
