<?xml version="1.0" encoding="UTF-8"?>
<!-- Generated by org.testng.reporters.JUnitReportReporter -->
<testsuite hostname="5TS206424426L7" name="com.nbcuni.test.nbcidx.member.put.inputFields.TC08_MemberPut_Middlename" tests="1" failures="0" timestamp="5 Sep 2014 20:59:38 GMT" time="6.116" errors="0">
  <testcase name="memberPut_middlename" time="6.116" classname="com.nbcuni.test.nbcidx.member.put.inputFields.TC08_MemberPut_Middlename"/>
</testsuite> <!-- com.nbcuni.test.nbcidx.member.put.inputFields.TC08_MemberPut_Middlename -->
