<?xml version="1.0" encoding="UTF-8"?>
<!-- Generated by org.testng.reporters.JUnitReportReporter -->
<testsuite hostname="5TS206424426L7" name="com.nbcuni.test.nbcidx.member.put.errorcodes.TC5050_MemberPut_Error_502" tests="1" failures="0" timestamp="23 Sep 2014 20:58:03 GMT" time="9.536" errors="0">
  <testcase name="memberPut_error502" time="9.536" classname="com.nbcuni.test.nbcidx.member.put.errorcodes.TC5050_MemberPut_Error_502"/>
</testsuite> <!-- com.nbcuni.test.nbcidx.member.put.errorcodes.TC5050_MemberPut_Error_502 -->
