<?xml version="1.0" encoding="UTF-8"?>
<!-- Generated by org.testng.reporters.JUnitReportReporter -->
<testsuite hostname="5TS206424426L7" name="com.nbcuni.test.nbcidx.member.put.errorcodes.TC5043_MemberPut_Error_400_Avatar" tests="1" failures="0" timestamp="23 Sep 2014 20:58:03 GMT" time="3.510" errors="0">
  <testcase name="memberPut_error400_avatar" time="3.510" classname="com.nbcuni.test.nbcidx.member.put.errorcodes.TC5043_MemberPut_Error_400_Avatar"/>
</testsuite> <!-- com.nbcuni.test.nbcidx.member.put.errorcodes.TC5043_MemberPut_Error_400_Avatar -->
