<?xml version="1.0" encoding="UTF-8"?>
<!-- Generated by org.testng.reporters.JUnitReportReporter -->
<testsuite hostname="5TS206424426L7" name="US9418_member.link_HMAC.TC4466_MemberLink_HMAC_Errors_Verification" tests="1" failures="0" timestamp="12 Aug 2014 18:43:07 GMT" time="18.358" errors="0">
  <testcase name="TC4465" time="18.358" classname="US9418_member.link_HMAC.TC4466_MemberLink_HMAC_Errors_Verification"/>
</testsuite> <!-- US9418_member.link_HMAC.TC4466_MemberLink_HMAC_Errors_Verification -->
