<?xml version="1.0" encoding="UTF-8"?>
<!-- Generated by org.testng.reporters.JUnitReportReporter -->
<testsuite hostname="5TS206424426L7" name="com.nbcuni.test.nbcidx.member.remove.brands.TC5273_MemberRemove_Brand_INTERNALb92e" tests="1" failures="0" timestamp="23 Sep 2014 20:58:03 GMT" time="5.663" errors="0">
  <testcase name="memberRemove_INTERNALb92e" time="5.663" classname="com.nbcuni.test.nbcidx.member.remove.brands.TC5273_MemberRemove_Brand_INTERNALb92e"/>
</testsuite> <!-- com.nbcuni.test.nbcidx.member.remove.brands.TC5273_MemberRemove_Brand_INTERNALb92e -->
