<?xml version="1.0" encoding="UTF-8"?>
<!-- Generated by org.testng.reporters.JUnitReportReporter -->
<testsuite hostname="5TS206424426L7" name="com.nbcuni.test.nbcidx.member.remove.brands.TC3102_MemberRemove_RemoveByBrand" tests="1" failures="0" timestamp="26 Sep 2014 20:34:10 GMT" time="17.548" errors="0">
  <testcase name="memberRemove_removeByBrand" time="17.548" classname="com.nbcuni.test.nbcidx.member.remove.brands.TC3102_MemberRemove_RemoveByBrand"/>
</testsuite> <!-- com.nbcuni.test.nbcidx.member.remove.brands.TC3102_MemberRemove_RemoveByBrand -->
