<?xml version="1.0" encoding="UTF-8"?>
<!-- Generated by org.testng.reporters.JUnitReportReporter -->
<testsuite hostname="5TS206424426L7" name="com.nbcuni.test.nbcidx.member.get.memberId.TC5240_MemberGet_Valid_EmailId" tests="1" failures="0" timestamp="26 Sep 2014 20:34:09 GMT" time="1.621" errors="0">
  <testcase name="memberGet_emailid" time="1.621" classname="com.nbcuni.test.nbcidx.member.get.memberId.TC5240_MemberGet_Valid_EmailId"/>
</testsuite> <!-- com.nbcuni.test.nbcidx.member.get.memberId.TC5240_MemberGet_Valid_EmailId -->
