<?xml version="1.0" encoding="UTF-8"?>
<!-- Generated by org.testng.reporters.JUnitReportReporter -->
<testsuite hostname="5TS206424426L7" name="com.nbcuni.test.nbcidx.member.logout.errorcodes.TC4328_MemberLogout_Error_403" tests="1" failures="0" timestamp="26 Sep 2014 20:34:11 GMT" time="0.657" errors="0">
  <testcase name="memberLogout_error403" time="0.657" classname="com.nbcuni.test.nbcidx.member.logout.errorcodes.TC4328_MemberLogout_Error_403"/>
</testsuite> <!-- com.nbcuni.test.nbcidx.member.logout.errorcodes.TC4328_MemberLogout_Error_403 -->
