<?xml version="1.0" encoding="UTF-8"?>
<!-- Generated by org.testng.reporters.JUnitReportReporter -->
<testsuite hostname="5TS206424426L7" name="com.nbcuni.test.nbcidx.member.logout.direct.TC4331_MemberLogout_DirectLogout_Username" tests="1" failures="0" timestamp="26 Sep 2014 20:34:12 GMT" time="5.743" errors="0">
  <testcase name="memberLogout_username" time="5.743" classname="com.nbcuni.test.nbcidx.member.logout.direct.TC4331_MemberLogout_DirectLogout_Username"/>
</testsuite> <!-- com.nbcuni.test.nbcidx.member.logout.direct.TC4331_MemberLogout_DirectLogout_Username -->
