<?xml version="1.0" encoding="UTF-8"?>
<!-- Generated by org.testng.reporters.JUnitReportReporter -->
<testsuite hostname="5TS206424426L7" name="com.nbcuni.test.nbcidx.member.remove.brands.TC4931_MemberRemove_Brand_IDXAPIExplorer" tests="1" failures="0" timestamp="26 Sep 2014 20:34:11 GMT" time="2.730" errors="0">
  <testcase name="memberRemove_IDXAPIExplorer" time="2.730" classname="com.nbcuni.test.nbcidx.member.remove.brands.TC4931_MemberRemove_Brand_IDXAPIExplorer"/>
</testsuite> <!-- com.nbcuni.test.nbcidx.member.remove.brands.TC4931_MemberRemove_Brand_IDXAPIExplorer -->
