<?xml version="1.0" encoding="UTF-8"?>
<!-- Generated by org.testng.reporters.JUnitReportReporter -->
<testsuite hostname="5TS206424426L7" name="com.nbcuni.test.nbcidx.member.get.socialMedia.TC03_MemberGet_Provider_Twitter" tests="1" failures="0" timestamp="21 Sep 2014 22:26:30 GMT" time="4.372" errors="0">
  <testcase name="memberGet_providerTwitter" time="4.372" classname="com.nbcuni.test.nbcidx.member.get.socialMedia.TC03_MemberGet_Provider_Twitter"/>
</testsuite> <!-- com.nbcuni.test.nbcidx.member.get.socialMedia.TC03_MemberGet_Provider_Twitter -->
