<?xml version="1.0" encoding="UTF-8"?>
<!-- Generated by org.testng.reporters.JUnitReportReporter -->
<testsuite hostname="5TS206424426L7" name="com.nbcuni.test.nbcidx.member.login.social.TC01_Create_Random_Member" tests="1" failures="0" timestamp="25 Aug 2014 18:00:46 GMT" time="16.469" errors="0">
  <testcase name="create_Random_Member" time="16.469" classname="com.nbcuni.test.nbcidx.member.login.social.TC01_Create_Random_Member"/>
</testsuite> <!-- com.nbcuni.test.nbcidx.member.login.social.TC01_Create_Random_Member -->
