<?xml version="1.0" encoding="UTF-8"?>
<!-- Generated by org.testng.reporters.JUnitReportReporter -->
<testsuite hostname="5TS206424426L7" name="com.nbcuni.test.nbcidx.member.get.socialMedia.TC03_MemberGet_Provider_Twitter" tests="1" failures="0" timestamp="18 Sep 2014 17:48:47 GMT" time="2.118" errors="0">
  <testcase name="memberGet_providerTwitter" time="2.118" classname="com.nbcuni.test.nbcidx.member.get.socialMedia.TC03_MemberGet_Provider_Twitter"/>
</testsuite> <!-- com.nbcuni.test.nbcidx.member.get.socialMedia.TC03_MemberGet_Provider_Twitter -->
