<?xml version="1.0" encoding="UTF-8"?>
<!-- Generated by org.testng.reporters.JUnitReportReporter -->
<testsuite hostname="5TS206424426L7" name="com.nbcuni.test.nbcidx.member.remove.brands.TC4570_MemberPut_Brand_IDXAPIExplorer" tests="1" failures="1" timestamp="4 Sep 2014 16:17:16 GMT" time="0.840" errors="0">
  <testcase name="memberPut_IDXAPIExplorer" time="0.840" classname="com.nbcuni.test.nbcidx.member.remove.brands.TC4570_MemberPut_Brand_IDXAPIExplorer">
    <failure type="java.lang.NullPointerException">
      <![CDATA[java.lang.NullPointerException
	at com.nbcuni.test.nbcidx.member.remove.brands.TC4570_MemberPut_Brand_IDXAPIExplorer.memberPut_IDXAPIExplorer(TC4570_MemberPut_Brand_IDXAPIExplorer.java:96)
	at sun.reflect.NativeMethodAccessorImpl.invoke0(Native Method)
	at sun.reflect.NativeMethodAccessorImpl.invoke(Unknown Source)
	at sun.reflect.DelegatingMethodAccessorImpl.invoke(Unknown Source)
	at java.lang.reflect.Method.invoke(Unknown Source)
	at org.testng.internal.MethodInvocationHelper.invokeMethod(MethodInvocationHelper.java:84)
	at org.testng.internal.Invoker.invokeMethod(Invoker.java:714)
	at org.testng.internal.Invoker.invokeTestMethod(Invoker.java:901)
	at org.testng.internal.Invoker.invokeTestMethods(Invoker.java:1231)
	at org.testng.internal.TestMethodWorker.invokeTestMethods(TestMethodWorker.java:127)
	at org.testng.internal.TestMethodWorker.run(TestMethodWorker.java:111)
	at java.util.concurrent.ThreadPoolExecutor$Worker.runTask(Unknown Source)
	at java.util.concurrent.ThreadPoolExecutor$Worker.run(Unknown Source)
	at java.lang.Thread.run(Unknown Source)
]]>
    </failure>
  </testcase> <!-- memberPut_IDXAPIExplorer -->
</testsuite> <!-- com.nbcuni.test.nbcidx.member.remove.brands.TC4570_MemberPut_Brand_IDXAPIExplorer -->
