<?xml version="1.0" encoding="UTF-8"?>
<!-- Generated by org.testng.reporters.JUnitReportReporter -->
<<<<<<< HEAD
<testsuite hostname="5TS206424426L7" name="com.nbcuni.test.nbcidx.sanity.SC03_TC02_MemberGet_DB_Verification" tests="1" failures="0" timestamp="4 Sep 2014 17:27:37 GMT" time="7.527" errors="0">
  <testcase name="memberGet_verifyDB" time="7.527" classname="com.nbcuni.test.nbcidx.sanity.SC03_TC02_MemberGet_DB_Verification"/>
=======
<testsuite hostname="5TS206424426L7" name="com.nbcuni.test.nbcidx.sanity.SC03_TC02_MemberGet_DB_Verification" tests="1" failures="0" timestamp="29 Jul 2014 16:25:44 GMT" time="0.105" errors="0">
  <testcase name="memberGet_verifyDB" time="0.105" classname="com.nbcuni.test.nbcidx.sanity.SC03_TC02_MemberGet_DB_Verification"/>
>>>>>>> e0bfe6667037b0acc975a71a05df166a022bb383
</testsuite> <!-- com.nbcuni.test.nbcidx.sanity.SC03_TC02_MemberGet_DB_Verification -->
