<?xml version="1.0" encoding="UTF-8"?>
<!-- Generated by org.testng.reporters.JUnitReportReporter -->
<testsuite hostname="5TS206424426L7" name="com.nbcuni.test.nbcidx.member.login.social.InvokeScriptFunction" tests="1" failures="0" timestamp="21 Aug 2014 17:40:04 GMT" time="0.208" errors="0">
  <testcase name="abc" time="0.208" classname="com.nbcuni.test.nbcidx.member.login.social.InvokeScriptFunction"/>
</testsuite> <!-- com.nbcuni.test.nbcidx.member.login.social.InvokeScriptFunction -->
