<?xml version="1.0" encoding="UTF-8"?>
<!-- Generated by org.testng.reporters.JUnitReportReporter -->
<testsuite hostname="5TS206424426L7" name="com.nbcuni.test.nbcidx.member.remove.brands.TC4931_MemberRemove_Brand_IDXAPIExplorer" tests="1" failures="0" timestamp="23 Sep 2014 20:58:03 GMT" time="5.075" errors="0">
  <testcase name="memberRemove_IDXAPIExplorer" time="5.075" classname="com.nbcuni.test.nbcidx.member.remove.brands.TC4931_MemberRemove_Brand_IDXAPIExplorer"/>
</testsuite> <!-- com.nbcuni.test.nbcidx.member.remove.brands.TC4931_MemberRemove_Brand_IDXAPIExplorer -->
