<?xml version="1.0" encoding="UTF-8"?>
<!-- Generated by org.testng.reporters.JUnitReportReporter -->
<testsuite hostname="5TS206424426L7" name="com.nbcuni.test.nbcidx.member.put.errorcodes.TC5029_MemberPut_Error_400_Username" tests="1" failures="0" timestamp="23 Sep 2014 20:58:03 GMT" time="5.020" errors="0">
  <testcase name="memberPut_error400_username" time="5.020" classname="com.nbcuni.test.nbcidx.member.put.errorcodes.TC5029_MemberPut_Error_400_Username"/>
</testsuite> <!-- com.nbcuni.test.nbcidx.member.put.errorcodes.TC5029_MemberPut_Error_400_Username -->
