<?xml version="1.0" encoding="UTF-8"?>
<!-- Generated by org.testng.reporters.JUnitReportReporter -->
<testsuite hostname="5TS206424426L7" name="com.nbcuni.test.nbcidx.member.login.hmac.TC4025_MemberLogin_HMAC_Signature" tests="1" failures="0" timestamp="23 Sep 2014 20:58:03 GMT" time="10.365" errors="0">
  <testcase name="memberLogin_HMAC" time="10.365" classname="com.nbcuni.test.nbcidx.member.login.hmac.TC4025_MemberLogin_HMAC_Signature"/>
</testsuite> <!-- com.nbcuni.test.nbcidx.member.login.hmac.TC4025_MemberLogin_HMAC_Signature -->
