<?xml version="1.0" encoding="UTF-8"?>
<!-- Generated by org.testng.reporters.JUnitReportReporter -->
<testsuite hostname="5TS206424426L7" name="com.nbcuni.test.nbcidx.member.put.inputFields.TC5016_MemberPut_Gender" tests="1" failures="0" timestamp="23 Sep 2014 20:58:03 GMT" time="6.174" errors="0">
  <testcase name="memberPut_gender" time="6.174" classname="com.nbcuni.test.nbcidx.member.put.inputFields.TC5016_MemberPut_Gender"/>
</testsuite> <!-- com.nbcuni.test.nbcidx.member.put.inputFields.TC5016_MemberPut_Gender -->
