<?xml version="1.0" encoding="UTF-8"?>
<!-- Generated by org.testng.reporters.JUnitReportReporter -->
<testsuite hostname="5TS206424426L7" name="com.nbcuni.test.nbcidx.sanity.SC01_Create_RandomMemberInfo" tests="1" failures="0" timestamp="29 Jul 2014 16:25:44 GMT" time="0.056" errors="0">
  <testcase name="createRandomMember" time="0.056" classname="com.nbcuni.test.nbcidx.sanity.SC01_Create_RandomMemberInfo"/>
</testsuite> <!-- com.nbcuni.test.nbcidx.sanity.SC01_Create_RandomMemberInfo -->
