<?xml version="1.0" encoding="UTF-8"?>
<!-- Generated by org.testng.reporters.JUnitReportReporter -->
<testsuite hostname="5TS206424426L7" name="com.nbcuni.test.nbcidx.member.login.hmac.TC09_Generate_HMAC_With_Newer_TimeStamp" tests="1" failures="0" timestamp="23 Sep 2014 20:07:47 GMT" time="0.003" errors="0">
  <testcase name="generateHMAC" time="0.003" classname="com.nbcuni.test.nbcidx.member.login.hmac.TC09_Generate_HMAC_With_Newer_TimeStamp"/>
</testsuite> <!-- com.nbcuni.test.nbcidx.member.login.hmac.TC09_Generate_HMAC_With_Newer_TimeStamp -->
