<?xml version="1.0" encoding="UTF-8"?>
<!-- Generated by org.testng.reporters.JUnitReportReporter -->
<testsuite hostname="5TS206424426L7" name="US6391_member.login_NormalFlowVerification.TC4168_Auto_Archive_History_Verification" tests="1" failures="0" timestamp="16 Sep 2014 20:18:51 GMT" time="144.866" errors="0">
  <testcase name="verifyHistoryCollection" time="144.866" classname="US6391_member.login_NormalFlowVerification.TC4168_Auto_Archive_History_Verification"/>
</testsuite> <!-- US6391_member.login_NormalFlowVerification.TC4168_Auto_Archive_History_Verification -->
