<?xml version="1.0" encoding="UTF-8"?>
<!-- Generated by org.testng.reporters.JUnitReportReporter -->
<testsuite hostname="5TS206424426L7" name="com.nbcuni.test.nbcidx.member.put.errorcodes.TC5049_MemberPut_Error_409" tests="1" failures="0" timestamp="18 Sep 2014 17:48:48 GMT" time="1.353" errors="0">
  <testcase name="memberPut_error409" time="1.353" classname="com.nbcuni.test.nbcidx.member.put.errorcodes.TC5049_MemberPut_Error_409"/>
</testsuite> <!-- com.nbcuni.test.nbcidx.member.put.errorcodes.TC5049_MemberPut_Error_409 -->
