<?xml version="1.0" encoding="UTF-8"?>
<!-- Generated by org.testng.reporters.JUnitReportReporter -->
<testsuite hostname="5TS206424426L7" name="com.nbcuni.test.nbcidx.member.login.direct.TC3376_MemberLogin_DirectLogin_Email" tests="1" failures="0" timestamp="26 Sep 2014 20:34:10 GMT" time="3.069" errors="0">
  <testcase name="memberLogin_email" time="3.069" classname="com.nbcuni.test.nbcidx.member.login.direct.TC3376_MemberLogin_DirectLogin_Email"/>
</testsuite> <!-- com.nbcuni.test.nbcidx.member.login.direct.TC3376_MemberLogin_DirectLogin_Email -->
