<?xml version="1.0" encoding="UTF-8"?>
<!-- Generated by org.testng.reporters.JUnitReportReporter -->
<testsuite hostname="5TS206424426L7" name="com.nbcuni.test.nbcidx.sanityWorkflow.SC02_TC02_MemberPut_DB_Verification" tests="1" failures="0" timestamp="18 Sep 2014 15:03:33 GMT" time="468.030" errors="0">
  <testcase name="memberPut_verifyDB" time="468.030" classname="com.nbcuni.test.nbcidx.sanityWorkflow.SC02_TC02_MemberPut_DB_Verification"/>
</testsuite> <!-- com.nbcuni.test.nbcidx.sanityWorkflow.SC02_TC02_MemberPut_DB_Verification -->
