<?xml version="1.0" encoding="UTF-8"?>
<!-- Generated by org.testng.reporters.JUnitReportReporter -->
<testsuite hostname="5TS206424426L7" name="com.nbcuni.test.nbcidx.member.link.TC10_Member_Unlink_Yahoo" tests="1" failures="0" timestamp="3 Sep 2014 21:08:45 GMT" time="0.839" errors="0">
  <testcase name="member_Link_Yahoo" time="0.839" classname="com.nbcuni.test.nbcidx.member.link.TC10_Member_Unlink_Yahoo"/>
</testsuite> <!-- com.nbcuni.test.nbcidx.member.link.TC10_Member_Unlink_Yahoo -->
