<?xml version="1.0" encoding="UTF-8"?>
<!-- Generated by org.testng.reporters.JUnitReportReporter -->
<testsuite hostname="5TS206424426L7" name="com.nbcuni.test.nbcidx.member.login.autoArchiveHistory.TC4168_Auto_Archive_History_Verification" tests="1" failures="0" timestamp="23 Sep 2014 20:58:03 GMT" time="24.005" errors="0">
  <testcase name="verifyHistoryCollection" time="24.005" classname="com.nbcuni.test.nbcidx.member.login.autoArchiveHistory.TC4168_Auto_Archive_History_Verification"/>
</testsuite> <!-- com.nbcuni.test.nbcidx.member.login.autoArchiveHistory.TC4168_Auto_Archive_History_Verification -->
