<?xml version="1.0" encoding="UTF-8"?>
<!-- Generated by org.testng.reporters.JUnitReportReporter -->
<testsuite hostname="5TS206424426L7" name="com.nbcuni.test.nbcidx.sanityWorkflow.TC5322_SC06_TS01_MemberRemove_API_Verification" tests="1" failures="0" timestamp="25 Sep 2014 22:30:20 GMT" time="0.996" errors="0">
  <testcase name="memberRemove_verifyAPI" time="0.996" classname="com.nbcuni.test.nbcidx.sanityWorkflow.TC5322_SC06_TS01_MemberRemove_API_Verification"/>
</testsuite> <!-- com.nbcuni.test.nbcidx.sanityWorkflow.TC5322_SC06_TS01_MemberRemove_API_Verification -->
