<?xml version="1.0" encoding="UTF-8"?>
<!-- Generated by org.testng.reporters.JUnitReportReporter -->
<testsuite hostname="5TS206424426L7" name="com.nbcuni.test.nbcidx.member.get.views.TC01_Create_ComplexMember_With_AttributeData" tests="1" failures="0" timestamp="18 Sep 2014 17:48:48 GMT" time="12.241" errors="0">
  <testcase name="createRandomMember" time="12.241" classname="com.nbcuni.test.nbcidx.member.get.views.TC01_Create_ComplexMember_With_AttributeData"/>
</testsuite> <!-- com.nbcuni.test.nbcidx.member.get.views.TC01_Create_ComplexMember_With_AttributeData -->
