<?xml version="1.0" encoding="UTF-8"?>
<!-- Generated by org.testng.reporters.JUnitReportReporter -->
<testsuite hostname="5TS206424426L7" name="com.nbcuni.test.nbcidx.member.put.inputFields.TC5009_MemberPut_Username" tests="1" failures="0" timestamp="26 Sep 2014 21:31:39 GMT" time="7.601" errors="0">
  <testcase name="memberPut_username" time="7.601" classname="com.nbcuni.test.nbcidx.member.put.inputFields.TC5009_MemberPut_Username"/>
</testsuite> <!-- com.nbcuni.test.nbcidx.member.put.inputFields.TC5009_MemberPut_Username -->
