<?xml version="1.0" encoding="UTF-8"?>
<!-- Generated by org.testng.reporters.JUnitReportReporter -->
<testsuite hostname="5TS206424426L7" name="com.nbcuni.test.nbcidx.member.put.errorcodes.TC5048_MemberPut_Error_404" tests="1" failures="0" timestamp="23 Sep 2014 20:58:03 GMT" time="2.575" errors="0">
  <testcase name="memberPut_error404" time="2.575" classname="com.nbcuni.test.nbcidx.member.put.errorcodes.TC5048_MemberPut_Error_404"/>
</testsuite> <!-- com.nbcuni.test.nbcidx.member.put.errorcodes.TC5048_MemberPut_Error_404 -->
