<?xml version="1.0" encoding="UTF-8"?>
<!-- Generated by org.testng.reporters.JUnitReportReporter -->
<testsuite hostname="5TS206424426L7" name="com.nbcuni.test.nbcidx.member.get.views.TC5248_MemberGet_View_Standard" tests="1" failures="0" timestamp="26 Sep 2014 20:34:11 GMT" time="1.539" errors="0">
  <testcase name="memberGet_view_standard" time="1.539" classname="com.nbcuni.test.nbcidx.member.get.views.TC5248_MemberGet_View_Standard"/>
</testsuite> <!-- com.nbcuni.test.nbcidx.member.get.views.TC5248_MemberGet_View_Standard -->
