<?xml version="1.0" encoding="UTF-8"?>
<!-- Generated by org.testng.reporters.JUnitReportReporter -->
<testsuite hostname="5TS206424426L7" name="com.nbcuni.test.nbcidx.member.put.errorcodes.TC5034_MemberPut_Error_400_FirstName" tests="1" failures="0" timestamp="26 Sep 2014 20:34:11 GMT" time="2.283" errors="0">
  <testcase name="memberPut_error400_firstName" time="2.283" classname="com.nbcuni.test.nbcidx.member.put.errorcodes.TC5034_MemberPut_Error_400_FirstName"/>
</testsuite> <!-- com.nbcuni.test.nbcidx.member.put.errorcodes.TC5034_MemberPut_Error_400_FirstName -->
