<?xml version="1.0" encoding="UTF-8"?>
<!-- Generated by org.testng.reporters.JUnitReportReporter -->
<testsuite hostname="5TS206424426L7" name="com.nbcuni.test.nbcidx.member.link_noverify.brands.TC5345_MemberLinkNoVerify_Brand_INTERNALc1ab" tests="1" failures="0" timestamp="26 Sep 2014 20:34:12 GMT" time="11.696" errors="0">
  <testcase name="memberLinkNoVerify_INTERNALc1ab" time="11.696" classname="com.nbcuni.test.nbcidx.member.link_noverify.brands.TC5345_MemberLinkNoVerify_Brand_INTERNALc1ab"/>
</testsuite> <!-- com.nbcuni.test.nbcidx.member.link_noverify.brands.TC5345_MemberLinkNoVerify_Brand_INTERNALc1ab -->
