<?xml version="1.0" encoding="UTF-8"?>
<!-- Generated by org.testng.reporters.JUnitReportReporter -->
<testsuite hostname="5TS206424426L7" name="com.nbcuni.test.nbcidx.member.link.errorcodes.TC3369_MemberLogin_Error_400" tests="1" failures="1" timestamp="10 Sep 2014 17:57:39 GMT" time="2.933" errors="0">
  <testcase name="memberLogin_error400" time="2.933" classname="com.nbcuni.test.nbcidx.member.link.errorcodes.TC3369_MemberLogin_Error_400">
    <failure type="java.lang.NullPointerException">
      <![CDATA[java.lang.NullPointerException
	at com.nbcuni.test.nbcidx.member.link.errorcodes.TC3369_MemberLogin_Error_400.memberLogin_error400(TC3369_MemberLogin_Error_400.java:106)
	at sun.reflect.NativeMethodAccessorImpl.invoke0(Native Method)
	at sun.reflect.NativeMethodAccessorImpl.invoke(Unknown Source)
	at sun.reflect.DelegatingMethodAccessorImpl.invoke(Unknown Source)
	at java.lang.reflect.Method.invoke(Unknown Source)
	at org.testng.internal.MethodInvocationHelper.invokeMethod(MethodInvocationHelper.java:84)
	at org.testng.internal.Invoker.invokeMethod(Invoker.java:714)
	at org.testng.internal.Invoker.invokeTestMethod(Invoker.java:901)
	at org.testng.internal.Invoker.invokeTestMethods(Invoker.java:1231)
	at org.testng.internal.TestMethodWorker.invokeTestMethods(TestMethodWorker.java:127)
	at org.testng.internal.TestMethodWorker.run(TestMethodWorker.java:111)
	at java.util.concurrent.ThreadPoolExecutor$Worker.runTask(Unknown Source)
	at java.util.concurrent.ThreadPoolExecutor$Worker.run(Unknown Source)
	at java.lang.Thread.run(Unknown Source)
]]>
    </failure>
  </testcase> <!-- memberLogin_error400 -->
</testsuite> <!-- com.nbcuni.test.nbcidx.member.link.errorcodes.TC3369_MemberLogin_Error_400 -->
