<?xml version="1.0" encoding="UTF-8"?>
<!-- Generated by org.testng.reporters.JUnitReportReporter -->
<testsuite hostname="5TS206424426L7" name="com.nbcuni.test.nbcidx.sanityWorkflow.SC04_TC01_MemberLogin_API_Verification" tests="1" failures="0" timestamp="25 Sep 2014 17:46:39 GMT" time="2.729" errors="0">
  <testcase name="memberLogin_verifyAPI" time="2.729" classname="com.nbcuni.test.nbcidx.sanityWorkflow.SC04_TC01_MemberLogin_API_Verification"/>
</testsuite> <!-- com.nbcuni.test.nbcidx.sanityWorkflow.SC04_TC01_MemberLogin_API_Verification -->
