<?xml version="1.0" encoding="UTF-8"?>
<!-- Generated by org.testng.reporters.JUnitReportReporter -->
<testsuite hostname="5TS206424426L7" name="com.nbcuni.test.nbcidx.member.remove.TC4929_MemberRemove_Username" tests="1" failures="0" timestamp="11 Sep 2014 16:40:21 GMT" time="14.654" errors="0">
  <testcase name="memberRemove_username" time="14.654" classname="com.nbcuni.test.nbcidx.member.remove.TC4929_MemberRemove_Username"/>
</testsuite> <!-- com.nbcuni.test.nbcidx.member.remove.TC4929_MemberRemove_Username -->
