<?xml version="1.0" encoding="UTF-8"?>
<!-- Generated by org.testng.reporters.JUnitReportReporter -->
<testsuite hostname="5TS206424426L7" name="com.nbcuni.test.nbcidx.member.delete.brands.TC5075_MemberDelete_Brand_INTERNALf645" tests="1" failures="0" timestamp="23 Sep 2014 20:58:03 GMT" time="3.538" errors="0">
  <testcase name="memberDelete_INTERNALf645" time="3.538" classname="com.nbcuni.test.nbcidx.member.delete.brands.TC5075_MemberDelete_Brand_INTERNALf645"/>
</testsuite> <!-- com.nbcuni.test.nbcidx.member.delete.brands.TC5075_MemberDelete_Brand_INTERNALf645 -->
