<?xml version="1.0" encoding="UTF-8"?>
<!-- Generated by org.testng.reporters.JUnitReportReporter -->
<testsuite hostname="5TS206424426L7" name="US9418_member.link_HMAC.TC4465_MemberLink_HMAC_Signature" tests="1" failures="0" timestamp="25 Sep 2014 22:20:31 GMT" time="10.267" errors="0">
  <testcase name="TC4465" time="10.267" classname="US9418_member.link_HMAC.TC4465_MemberLink_HMAC_Signature"/>
</testsuite> <!-- US9418_member.link_HMAC.TC4465_MemberLink_HMAC_Signature -->
