<?xml version="1.0" encoding="UTF-8"?>
<!-- Generated by org.testng.reporters.JUnitReportReporter -->
<testsuite hostname="5TS206424426L7" name="com.nbcuni.test.nbcidx.member.login.errorcodes.TC3371_MemberLogin_Error_403" tests="1" failures="0" timestamp="18 Sep 2014 17:48:48 GMT" time="0.756" errors="0">
  <testcase name="memberLogin_error403" time="0.756" classname="com.nbcuni.test.nbcidx.member.login.errorcodes.TC3371_MemberLogin_Error_403"/>
</testsuite> <!-- com.nbcuni.test.nbcidx.member.login.errorcodes.TC3371_MemberLogin_Error_403 -->
