<?xml version="1.0" encoding="UTF-8"?>
<!-- Generated by org.testng.reporters.JUnitReportReporter -->
<testsuite hostname="5TS206424426L7" name="com.nbcuni.test.nbcidx.member.put.inputFields.TC04_MemberPut_Status" tests="1" failures="0" timestamp="5 Sep 2014 20:59:37 GMT" time="28.372" errors="0">
  <testcase name="memberPut_status" time="28.372" classname="com.nbcuni.test.nbcidx.member.put.inputFields.TC04_MemberPut_Status"/>
</testsuite> <!-- com.nbcuni.test.nbcidx.member.put.inputFields.TC04_MemberPut_Status -->
