<?xml version="1.0" encoding="UTF-8"?>
<!-- Generated by org.testng.reporters.JUnitReportReporter -->
<testsuite hostname="5TS206424426L7" name="com.nbcuni.test.nbcidx.member.unlink.social.TC5329_MemberUnlink_Twitter" tests="1" failures="1" timestamp="26 Sep 2014 20:34:08 GMT" time="0.001" errors="0">
  <testcase name="memberUnlink_Twitter" time="0.001" classname="com.nbcuni.test.nbcidx.member.unlink.social.TC5329_MemberUnlink_Twitter">
    <failure type="java.net.UnknownHostException" message="proxyanbcge.nbc.com">
      <![CDATA[java.net.UnknownHostException: proxyanbcge.nbc.com
	at java.net.AbstractPlainSocketImpl.connect(Unknown Source)
	at java.net.PlainSocketImpl.connect(Unknown Source)
	at java.net.Socket.connect(Unknown Source)
	at java.net.Socket.connect(Unknown Source)
	at sun.net.NetworkClient.doConnect(Unknown Source)
	at sun.net.www.http.HttpClient.openServer(Unknown Source)
	at sun.net.www.http.HttpClient$1.run(Unknown Source)
	at sun.net.www.http.HttpClient$1.run(Unknown Source)
	at java.security.AccessController.doPrivileged(Native Method)
	at sun.net.www.http.HttpClient.privilegedOpenServer(Unknown Source)
	at sun.net.www.http.HttpClient.openServer(Unknown Source)
	at sun.net.www.protocol.https.HttpsClient.<init>(Unknown Source)
	at sun.net.www.protocol.https.HttpsClient.New(Unknown Source)
	at sun.net.www.protocol.https.AbstractDelegateHttpsURLConnection.getNewHttpClient(Unknown Source)
	at sun.net.www.protocol.http.HttpURLConnection.plainConnect(Unknown Source)
	at sun.net.www.protocol.https.AbstractDelegateHttpsURLConnection.connect(Unknown Source)
	at sun.net.www.protocol.http.HttpURLConnection.getOutputStream(Unknown Source)
	at sun.net.www.protocol.https.HttpsURLConnectionImpl.getOutputStream(Unknown Source)
	at com.nbcuni.test.nbcidx.AppLib.postHTTPReponseCode(AppLib.java:566)
	at com.nbcuni.test.nbcidx.MemberAPIs.memberLINKResponseCode(MemberAPIs.java:412)
	at com.nbcuni.test.nbcidx.member.unlink.social.TC5329_MemberUnlink_Twitter.memberUnlink_Twitter(TC5329_MemberUnlink_Twitter.java:77)
	at sun.reflect.NativeMethodAccessorImpl.invoke0(Native Method)
	at sun.reflect.NativeMethodAccessorImpl.invoke(Unknown Source)
	at sun.reflect.DelegatingMethodAccessorImpl.invoke(Unknown Source)
	at java.lang.reflect.Method.invoke(Unknown Source)
	at org.testng.internal.MethodInvocationHelper.invokeMethod(MethodInvocationHelper.java:84)
	at org.testng.internal.Invoker.invokeMethod(Invoker.java:714)
	at org.testng.internal.Invoker.invokeTestMethod(Invoker.java:901)
	at org.testng.internal.Invoker.invokeTestMethods(Invoker.java:1231)
	at org.testng.internal.TestMethodWorker.invokeTestMethods(TestMethodWorker.java:127)
	at org.testng.internal.TestMethodWorker.run(TestMethodWorker.java:111)
	at java.util.concurrent.ThreadPoolExecutor.runWorker(Unknown Source)
	at java.util.concurrent.ThreadPoolExecutor$Worker.run(Unknown Source)
	at java.lang.Thread.run(Unknown Source)
]]>
    </failure>
  </testcase> <!-- memberUnlink_Twitter -->
</testsuite> <!-- com.nbcuni.test.nbcidx.member.unlink.social.TC5329_MemberUnlink_Twitter -->
