<?xml version="1.0" encoding="UTF-8"?>
<!-- Generated by org.testng.reporters.JUnitReportReporter -->
<testsuite hostname="5TS206424426L7" name="com.nbcuni.test.nbcidx.member.link.TC04_Member_Unlink_Facebook" tests="1" failures="0" timestamp="3 Sep 2014 21:08:45 GMT" time="1.579" errors="0">
  <testcase name="member_Link_Facebook" time="1.579" classname="com.nbcuni.test.nbcidx.member.link.TC04_Member_Unlink_Facebook"/>
</testsuite> <!-- com.nbcuni.test.nbcidx.member.link.TC04_Member_Unlink_Facebook -->
