<?xml version="1.0" encoding="UTF-8"?>
<!-- Generated by org.testng.reporters.JUnitReportReporter -->
<testsuite hostname="5TS206424426L7" name="com.nbcuni.test.nbcidx.member.put.inputFields.TC5021_MemberPut_Birthdate" tests="1" failures="0" timestamp="26 Sep 2014 21:31:39 GMT" time="11.033" errors="0">
  <testcase name="memberPut_birthdate" time="11.033" classname="com.nbcuni.test.nbcidx.member.put.inputFields.TC5021_MemberPut_Birthdate"/>
</testsuite> <!-- com.nbcuni.test.nbcidx.member.put.inputFields.TC5021_MemberPut_Birthdate -->
