<?xml version="1.0" encoding="UTF-8"?>
<!-- Generated by org.testng.reporters.JUnitReportReporter -->
<testsuite hostname="5TS206424426L7" name="com.nbcuni.test.nbcidx.member.get.memberId.TC5242_MemberGet_Valid_Aliases" tests="1" failures="0" timestamp="26 Sep 2014 20:34:09 GMT" time="1.637" errors="0">
  <testcase name="memberGet_aliases" time="1.637" classname="com.nbcuni.test.nbcidx.member.get.memberId.TC5242_MemberGet_Valid_Aliases"/>
</testsuite> <!-- com.nbcuni.test.nbcidx.member.get.memberId.TC5242_MemberGet_Valid_Aliases -->
