<?xml version="1.0" encoding="UTF-8"?>
<!-- Generated by org.testng.reporters.JUnitReportReporter -->
<testsuite hostname="5TS206424426L7" name="com.nbcuni.test.nbcidx.member.link.errorcodes.TC3370_MemberLogin_Error_401" tests="1" failures="0" timestamp="10 Sep 2014 17:57:39 GMT" time="1.815" errors="0">
  <testcase name="memberLogin_error401" time="1.815" classname="com.nbcuni.test.nbcidx.member.link.errorcodes.TC3370_MemberLogin_Error_401"/>
</testsuite> <!-- com.nbcuni.test.nbcidx.member.link.errorcodes.TC3370_MemberLogin_Error_401 -->
